{"meta": {"format": 3, "version": "7.14.1", "timestamp": "2026-06-08T12:14:31.046752", "branch_coverage": false, "show_contexts": false}, "files": {"agent/__init__.py": {"executed_lines": [3, 4, 5, 6, 8], "summary": {"covered_lines": 5, "num_statements": 5, "percent_covered": 100.0, "percent_covered_display": "100", "missing_lines": 0, "excluded_lines": 0, "percent_statements_covered": 100.0, "percent_statements_covered_display": "100"}, "missing_lines": [], "excluded_lines": [], "functions": {"": {"executed_lines": [3, 4, 5, 6, 8], "summary": {"covered_lines": 5, "num_statements": 5, "percent_covered": 100.0, "percent_covered_display": "100", "missing_lines": 0, "excluded_lines": 0, "percent_statements_covered": 100.0, "percent_statements_covered_display": "100"}, "missing_lines": [], "excluded_lines": [], "start_line": 1}}, "classes": {"": {"executed_lines": [3, 4, 5, 6, 8], "summary": {"covered_lines": 5, "num_statements": 5, "percent_covered": 100.0, "percent_covered_display": "100", "missing_lines": 0, "excluded_lines": 0, "percent_statements_covered": 100.0, "percent_statements_covered_display": "100"}, "missing_lines": [], "excluded_lines": [], "start_line": 1}}}, "agent/context.py": {"executed_lines": [3, 5, 6, 7, 8, 9, 11, 14, 15, 22, 23, 24, 25, 26, 27, 28, 29, 32, 33, 36, 37, 38, 39, 40, 43, 57, 58, 59, 61, 68, 69, 70, 71, 75, 85, 86, 89, 92, 93, 94, 98, 99, 100, 101, 102, 103, 104, 109, 112, 113, 114, 115, 116, 117, 122, 126, 130, 143, 145, 147, 148, 149, 151, 158, 159, 160, 170, 172, 174, 181, 183, 184, 185, 186, 187, 188, 189, 192, 194, 196, 198, 199, 200, 202, 203, 204, 205, 206, 207, 213, 227, 236, 237, 238, 244, 245, 249, 250, 251, 252, 254, 256, 257, 281, 282, 287, 288, 296, 297, 298, 299, 300, 301, 302, 304, 305, 306], "summary": {"covered_lines": 117, "num_statements": 155, "percent_covered": 75.48387096774194, "percent_covered_display": "75", "missing_lines": 38, "excluded_lines": 0, "percent_statements_covered": 75.48387096774194, "percent_statements_covered_display": "75"}, "missing_lines": [105, 106, 118, 119, 123, 127, 131, 132, 133, 134, 138, 139, 140, 141, 190, 191, 197, 201, 208, 209, 247, 259, 260, 261, 262, 263, 264, 265, 266, 267, 268, 269, 277, 278, 279, 283, 285, 303], "excluded_lines": [], "functions": {"ContextBuilder.__init__": {"executed_lines": [68, 69, 70, 71], "summary": {"covered_lines": 4, "num_statements": 4, "percent_covered": 100.0, "percent_covered_display": "100", "missing_lines": 0, "excluded_lines": 0, "percent_statements_covered": 100.0, "percent_statements_covered_display": "100"}, "missing_lines": [], "excluded_lines": [], "start_line": 61}, "ContextBuilder.build_system_prompt": {"executed_lines": [85, 86, 89, 92, 93, 94, 98, 99, 100, 101, 102, 103, 104, 109, 112, 113, 114, 115, 116, 117, 122, 126, 130, 143], "summary": {"covered_lines": 24, "num_statements": 38, "percent_covered": 63.1578947368421, "percent_covered_display": "63", "missing_lines": 14, "excluded_lines": 0, "percent_statements_covered": 63.1578947368421, "percent_statements_covered_display": "63"}, "missing_lines": [105, 106, 118, 119, 123, 127, 131, 132, 133, 134, 138, 139, 140, 141], "excluded_lines": [], "start_line": 75}, "ContextBuilder._build_identity": {"executed_lines": [147, 148, 149, 151, 158, 159, 160, 170], "summary": {"covered_lines": 8, "num_statements": 8, "percent_covered": 100.0, "percent_covered_display": "100", "missing_lines": 0, "excluded_lines": 0, "percent_statements_covered": 100.0, "percent_statements_covered_display": "100"}, "missing_lines": [], "excluded_lines": [], "start_line": 145}, "ContextBuilder._build_tool_contract": {"executed_lines": [174], "summary": {"covered_lines": 1, "num_statements": 1, "percent_covered": 100.0, "percent_covered_display": "100", "missing_lines": 0, "excluded_lines": 0, "percent_statements_covered": 100.0, "percent_statements_covered_display": "100"}, "missing_lines": [], "excluded_lines": [], "start_line": 172}, "ContextBuilder._load_bootstrap_files": {"executed_lines": [183, 184, 185, 186, 187, 188, 189, 192], "summary": {"covered_lines": 8, "num_statements": 10, "percent_covered": 80.0, "percent_covered_display": "80", "missing_lines": 2, "excluded_lines": 0, "percent_statements_covered": 80.0, "percent_statements_covered_display": "80"}, "missing_lines": [190, 191], "excluded_lines": [], "start_line": 181}, "ContextBuilder.get_memory_context": {"executed_lines": [196, 198, 199, 200, 202, 203, 204, 205, 206, 207], "summary": {"covered_lines": 10, "num_statements": 14, "percent_covered": 71.42857142857143, "percent_covered_display": "71", "missing_lines": 4, "excluded_lines": 0, "percent_statements_covered": 71.42857142857143, "percent_statements_covered_display": "71"}, "missing_lines": [197, 201, 208, 209], "excluded_lines": [], "start_line": 194}, "ContextBuilder.build_messages": {"executed_lines": [227, 236, 237, 238, 244, 245, 249, 250, 251, 252], "summary": {"covered_lines": 10, "num_statements": 11, "percent_covered": 90.9090909090909, "percent_covered_display": "91", "missing_lines": 1, "excluded_lines": 0, "percent_statements_covered": 90.9090909090909, "percent_statements_covered_display": "91"}, "missing_lines": [247], "excluded_lines": [], "start_line": 213}, "ContextBuilder._build_user_content": {"executed_lines": [256, 257], "summary": {"covered_lines": 2, "num_statements": 16, "percent_covered": 12.5, "percent_covered_display": "12", "missing_lines": 14, "excluded_lines": 0, "percent_statements_covered": 12.5, "percent_statements_covered_display": "12"}, "missing_lines": [259, 260, 261, 262, 263, 264, 265, 266, 267, 268, 269, 277, 278, 279], "excluded_lines": [], "start_line": 254}, "ContextBuilder._detect_image_mime": {"executed_lines": [], "summary": {"covered_lines": 0, "num_statements": 2, "percent_covered": 0.0, "percent_covered_display": "0", "missing_lines": 2, "excluded_lines": 0, "percent_statements_covered": 0.0, "percent_statements_covered_display": "0"}, "missing_lines": [283, 285], "excluded_lines": [], "start_line": 282}, "ContextBuilder._build_runtime_context": {"executed_lines": [296, 297, 298, 299, 300, 301, 302, 304, 305, 306], "summary": {"covered_lines": 10, "num_statements": 11, "percent_covered": 90.9090909090909, "percent_covered_display": "91", "missing_lines": 1, "excluded_lines": 0, "percent_statements_covered": 90.9090909090909, "percent_statements_covered_display": "91"}, "missing_lines": [303], "excluded_lines": [], "start_line": 288}, "": {"executed_lines": [3, 5, 6, 7, 8, 9, 11, 14, 15, 22, 23, 24, 25, 26, 27, 28, 29, 32, 33, 36, 37, 38, 39, 40, 43, 57, 58, 59, 61, 75, 145, 172, 181, 194, 213, 254, 281, 282, 287, 288], "summary": {"covered_lines": 40, "num_statements": 40, "percent_covered": 100.0, "percent_covered_display": "100", "missing_lines": 0, "excluded_lines": 0, "percent_statements_covered": 100.0, "percent_statements_covered_display": "100"}, "missing_lines": [], "excluded_lines": [], "start_line": 1}}, "classes": {"RequestContext": {"executed_lines": [], "summary": {"covered_lines": 0, "num_statements": 0, "percent_covered": 100.0, "percent_covered_display": "100", "missing_lines": 0, "excluded_lines": 0, "percent_statements_covered": 100.0, "percent_statements_covered_display": "100"}, "missing_lines": [], "excluded_lines": [], "start_line": 15}, "TurnContext": {"executed_lines": [], "summary": {"covered_lines": 0, "num_statements": 0, "percent_covered": 100.0, "percent_covered_display": "100", "missing_lines": 0, "excluded_lines": 0, "percent_statements_covered": 100.0, "percent_statements_covered_display": "100"}, "missing_lines": [], "excluded_lines": [], "start_line": 33}, "ContextBuilder": {"executed_lines": [68, 69, 70, 71, 85, 86, 89, 92, 93, 94, 98, 99, 100, 101, 102, 103, 104, 109, 112, 113, 114, 115, 116, 117, 122, 126, 130, 143, 147, 148, 149, 151, 158, 159, 160, 170, 174, 183, 184, 185, 186, 187, 188, 189, 192, 196, 198, 199, 200, 202, 203, 204, 205, 206, 207, 227, 236, 237, 238, 244, 245, 249, 250, 251, 252, 256, 257, 296, 297, 298, 299, 300, 301, 302, 304, 305, 306], "summary": {"covered_lines": 77, "num_statements": 115, "percent_covered": 66.95652173913044, "percent_covered_display": "67", "missing_lines": 38, "excluded_lines": 0, "percent_statements_covered": 66.95652173913044, "percent_statements_covered_display": "67"}, "missing_lines": [105, 106, 118, 119, 123, 127, 131, 132, 133, 134, 138, 139, 140, 141, 190, 191, 197, 201, 208, 209, 247, 259, 260, 261, 262, 263, 264, 265, 266, 267, 268, 269, 277, 278, 279, 283, 285, 303], "excluded_lines": [], "start_line": 43}, "": {"executed_lines": [3, 5, 6, 7, 8, 9, 11, 14, 15, 22, 23, 24, 25, 26, 27, 28, 29, 32, 33, 36, 37, 38, 39, 40, 43, 57, 58, 59, 61, 75, 145, 172, 181, 194, 213, 254, 281, 282, 287, 288], "summary": {"covered_lines": 40, "num_statements": 40, "percent_covered": 100.0, "percent_covered_display": "100", "missing_lines": 0, "excluded_lines": 0, "percent_statements_covered": 100.0, "percent_statements_covered_display": "100"}, "missing_lines": [], "excluded_lines": [], "start_line": 1}}}, "agent/loop.py": {"executed_lines": [15, 17, 18, 19, 20, 21, 22, 23, 24, 25, 27, 29, 30, 31, 32, 33, 34, 36, 39, 40, 41, 44, 47, 48, 49, 50, 51, 52, 55, 56, 59, 60, 61, 62, 63, 66, 74, 92, 102, 103, 104, 105, 108, 109, 111, 131, 132, 133, 134, 135, 136, 137, 138, 139, 140, 141, 142, 143, 144, 147, 148, 149, 152, 153, 154, 156, 157, 158, 160, 161, 171, 179, 180, 188, 189, 190, 191, 192, 193, 196, 197, 198, 201, 202, 205, 208, 209, 210, 211, 217, 219, 220, 221, 223, 224, 231, 248, 255, 257, 258, 259, 260, 261, 267, 283, 284, 291, 292, 293, 294, 297, 299, 300, 301, 304, 305, 308, 309, 312, 313, 316, 317, 320, 321, 322, 323, 326, 327, 337, 338, 352, 358, 366, 367, 369, 370, 376, 379, 380, 381, 388, 390, 400, 401, 402, 403, 404, 405, 406, 414, 415, 422, 423, 424, 425, 426, 431, 432, 450, 452, 463, 464, 465, 466, 467, 486, 487, 488, 496, 513, 514, 522, 523, 524, 526, 528, 535, 536, 538, 539, 542, 543, 544, 547, 548, 551, 553, 556, 561, 565, 567, 575, 578, 583, 593, 604, 619, 626, 627, 628, 653, 676, 678, 679, 704, 728, 800, 840, 870, 872, 873, 874, 875, 877, 887, 890, 893, 894, 911, 912, 916, 917, 918, 919, 920, 921, 922, 925, 928, 930, 936, 941, 942, 943, 951, 972, 979, 980, 981, 983, 1001, 1002, 1008, 1017, 1026, 1027, 1029, 1031], "summary": {"covered_lines": 248, "num_statements": 450, "percent_covered": 55.111111111111114, "percent_covered_display": "55", "missing_lines": 202, "excluded_lines": 0, "percent_statements_covered": 55.111111111111114, "percent_statements_covered_display": "55"}, "missing_lines": [68, 69, 70, 71, 162, 163, 164, 166, 167, 168, 232, 233, 234, 235, 237, 249, 250, 251, 252, 253, 339, 345, 346, 354, 371, 372, 373, 385, 386, 407, 408, 409, 410, 411, 416, 417, 418, 419, 427, 428, 442, 443, 445, 468, 469, 470, 471, 472, 478, 479, 480, 481, 482, 483, 489, 490, 491, 492, 493, 494, 515, 516, 517, 518, 519, 520, 557, 562, 563, 579, 580, 594, 595, 601, 602, 631, 643, 644, 646, 647, 660, 661, 662, 663, 664, 665, 666, 667, 668, 671, 672, 673, 674, 680, 681, 684, 685, 686, 688, 690, 692, 693, 694, 695, 696, 701, 702, 706, 707, 708, 709, 711, 716, 722, 737, 742, 743, 744, 745, 746, 747, 748, 749, 750, 751, 752, 754, 755, 758, 759, 761, 762, 763, 764, 765, 766, 767, 768, 769, 770, 771, 772, 781, 782, 785, 786, 787, 788, 789, 790, 791, 792, 793, 794, 809, 810, 811, 813, 814, 815, 819, 820, 821, 822, 823, 824, 825, 826, 827, 830, 831, 832, 835, 836, 837, 838, 842, 843, 844, 846, 853, 854, 855, 856, 863, 864, 888, 895, 896, 897, 901, 902, 906, 907, 908, 913, 923, 924, 1003, 1004, 1005, 1006], "excluded_lines": [], "functions": {"_safe_remove_task": {"executed_lines": [], "summary": {"covered_lines": 0, "num_statements": 4, "percent_covered": 0.0, "percent_covered_display": "0", "missing_lines": 4, "excluded_lines": 0, "percent_statements_covered": 0.0, "percent_statements_covered_display": "0"}, "missing_lines": [68, 69, 70, 71], "excluded_lines": [], "start_line": 66}, "AgentLoop.__init__": {"executed_lines": [131, 132, 133, 134, 135, 136, 137, 138, 139, 140, 141, 142, 143, 144, 147, 148, 149, 152, 153, 154, 156, 157, 158, 160, 161, 171, 179, 180, 188, 189, 190, 191, 192, 193, 196, 197, 198, 201, 202, 205, 208, 209, 210, 211], "summary": {"covered_lines": 44, "num_statements": 50, "percent_covered": 88.0, "percent_covered_display": "88", "missing_lines": 6, "excluded_lines": 0, "percent_statements_covered": 88.0, "percent_statements_covered_display": "88"}, "missing_lines": [162, 163, 164, 166, 167, 168], "excluded_lines": [], "start_line": 111}, "AgentLoop._register_commands": {"executed_lines": [219, 220, 221], "summary": {"covered_lines": 3, "num_statements": 3, "percent_covered": 100.0, "percent_covered_display": "100", "missing_lines": 0, "excluded_lines": 0, "percent_statements_covered": 100.0, "percent_statements_covered_display": "100"}, "missing_lines": [], "excluded_lines": [], "start_line": 217}, "AgentLoop._cmd_help": {"executed_lines": [224], "summary": {"covered_lines": 1, "num_statements": 1, "percent_covered": 100.0, "percent_covered_display": "100", "missing_lines": 0, "excluded_lines": 0, "percent_statements_covered": 100.0, "percent_statements_covered_display": "100"}, "missing_lines": [], "excluded_lines": [], "start_line": 223}, "AgentLoop._cmd_status": {"executed_lines": [], "summary": {"covered_lines": 0, "num_statements": 5, "percent_covered": 0.0, "percent_covered_display": "0", "missing_lines": 5, "excluded_lines": 0, "percent_statements_covered": 0.0, "percent_statements_covered_display": "0"}, "missing_lines": [232, 233, 234, 235, 237], "excluded_lines": [], "start_line": 231}, "AgentLoop._cmd_clear": {"executed_lines": [], "summary": {"covered_lines": 0, "num_statements": 5, "percent_covered": 0.0, "percent_covered_display": "0", "missing_lines": 5, "excluded_lines": 0, "percent_statements_covered": 0.0, "percent_statements_covered_display": "0"}, "missing_lines": [249, 250, 251, 252, 253], "excluded_lines": [], "start_line": 248}, "AgentLoop._is_command": {"executed_lines": [257, 258, 259, 260, 261], "summary": {"covered_lines": 5, "num_statements": 5, "percent_covered": 100.0, "percent_covered_display": "100", "missing_lines": 0, "excluded_lines": 0, "percent_statements_covered": 100.0, "percent_statements_covered_display": "100"}, "missing_lines": [], "excluded_lines": [], "start_line": 255}, "AgentLoop._process_message": {"executed_lines": [283, 284, 291, 292, 293, 294, 297, 299, 300, 301, 304, 305, 308, 309, 312, 313, 316, 317, 320, 321, 322, 323, 326, 327, 337, 338, 352], "summary": {"covered_lines": 27, "num_statements": 31, "percent_covered": 87.09677419354838, "percent_covered_display": "87", "missing_lines": 4, "excluded_lines": 0, "percent_statements_covered": 87.09677419354838, "percent_statements_covered_display": "87"}, "missing_lines": [339, 345, 346, 354], "excluded_lines": [], "start_line": 267}, "AgentLoop._state_restore": {"executed_lines": [366, 367, 369, 370, 376, 379, 380, 381, 388], "summary": {"covered_lines": 9, "num_statements": 14, "percent_covered": 64.28571428571429, "percent_covered_display": "64", "missing_lines": 5, "excluded_lines": 0, "percent_statements_covered": 64.28571428571429, "percent_statements_covered_display": "64"}, "missing_lines": [371, 372, 373, 385, 386], "excluded_lines": [], "start_line": 358}, "AgentLoop._state_build": {"executed_lines": [400, 401, 402, 403, 404, 405, 406, 414, 415, 422, 423, 424, 425, 426, 431, 432, 450], "summary": {"covered_lines": 17, "num_statements": 31, "percent_covered": 54.83870967741935, "percent_covered_display": "55", "missing_lines": 14, "excluded_lines": 0, "percent_statements_covered": 54.83870967741935, "percent_statements_covered_display": "55"}, "missing_lines": [407, 408, 409, 410, 411, 416, 417, 418, 419, 427, 428, 442, 443, 445], "excluded_lines": [], "start_line": 390}, "AgentLoop._state_run": {"executed_lines": [463, 486, 496, 513, 514, 522, 523, 524, 526], "summary": {"covered_lines": 9, "num_statements": 15, "percent_covered": 60.0, "percent_covered_display": "60", "missing_lines": 6, "excluded_lines": 0, "percent_statements_covered": 60.0, "percent_statements_covered_display": "60"}, "missing_lines": [515, 516, 517, 518, 519, 520], "excluded_lines": [], "start_line": 452}, "AgentLoop._state_run._inject": {"executed_lines": [464, 465, 466, 467], "summary": {"covered_lines": 4, "num_statements": 15, "percent_covered": 26.666666666666668, "percent_covered_display": "27", "missing_lines": 11, "excluded_lines": 0, "percent_statements_covered": 26.666666666666668, "percent_statements_covered_display": "27"}, "missing_lines": [468, 469, 470, 471, 472, 478, 479, 480, 481, 482, 483], "excluded_lines": [], "start_line": 463}, "AgentLoop._state_run._checkpoint": {"executed_lines": [487, 488], "summary": {"covered_lines": 2, "num_statements": 8, "percent_covered": 25.0, "percent_covered_display": "25", "missing_lines": 6, "excluded_lines": 0, "percent_statements_covered": 25.0, "percent_statements_covered_display": "25"}, "missing_lines": [489, 490, 491, 492, 493, 494], "excluded_lines": [], "start_line": 486}, "AgentLoop._state_save": {"executed_lines": [535, 536, 538, 539, 542, 543, 544, 547, 548, 551, 553, 556, 561, 565], "summary": {"covered_lines": 14, "num_statements": 17, "percent_covered": 82.3529411764706, "percent_covered_display": "82", "missing_lines": 3, "excluded_lines": 0, "percent_statements_covered": 82.3529411764706, "percent_statements_covered_display": "82"}, "missing_lines": [557, 562, 563], "excluded_lines": [], "start_line": 528}, "AgentLoop._state_respond": {"executed_lines": [575, 578, 583, 593, 604], "summary": {"covered_lines": 5, "num_statements": 11, "percent_covered": 45.45454545454545, "percent_covered_display": "45", "missing_lines": 6, "excluded_lines": 0, "percent_statements_covered": 45.45454545454545, "percent_statements_covered_display": "45"}, "missing_lines": [579, 580, 594, 595, 601, 602], "excluded_lines": [], "start_line": 567}, "AgentLoop._recover_from_crash": {"executed_lines": [626, 627, 628], "summary": {"covered_lines": 3, "num_statements": 8, "percent_covered": 37.5, "percent_covered_display": "38", "missing_lines": 5, "excluded_lines": 0, "percent_statements_covered": 37.5, "percent_statements_covered_display": "38"}, "missing_lines": [631, 643, 644, 646, 647], "excluded_lines": [], "start_line": 619}, "AgentLoop._store_in_memory": {"executed_lines": [], "summary": {"covered_lines": 0, "num_statements": 13, "percent_covered": 0.0, "percent_covered_display": "0", "missing_lines": 13, "excluded_lines": 0, "percent_statements_covered": 0.0, "percent_statements_covered_display": "0"}, "missing_lines": [660, 661, 662, 663, 664, 665, 666, 667, 668, 671, 672, 673, 674], "excluded_lines": [], "start_line": 653}, "AgentLoop._maybe_consolidate_memory": {"executed_lines": [678, 679], "summary": {"covered_lines": 2, "num_statements": 16, "percent_covered": 12.5, "percent_covered_display": "12", "missing_lines": 14, "excluded_lines": 0, "percent_statements_covered": 12.5, "percent_statements_covered_display": "12"}, "missing_lines": [680, 681, 684, 685, 686, 688, 690, 692, 693, 694, 695, 696, 701, 702], "excluded_lines": [], "start_line": 676}, "AgentLoop._get_dream_consolidator": {"executed_lines": [], "summary": {"covered_lines": 0, "num_statements": 7, "percent_covered": 0.0, "percent_covered_display": "0", "missing_lines": 7, "excluded_lines": 0, "percent_statements_covered": 0.0, "percent_statements_covered_display": "0"}, "missing_lines": [706, 707, 708, 709, 711, 716, 722], "excluded_lines": [], "start_line": 704}, "AgentLoop._dispatch": {"executed_lines": [], "summary": {"covered_lines": 0, "num_statements": 40, "percent_covered": 0.0, "percent_covered_display": "0", "missing_lines": 40, "excluded_lines": 0, "percent_statements_covered": 0.0, "percent_statements_covered_display": "0"}, "missing_lines": [737, 742, 743, 744, 745, 746, 747, 748, 749, 750, 751, 752, 754, 755, 758, 759, 761, 762, 763, 764, 765, 766, 767, 768, 769, 770, 771, 772, 781, 782, 785, 786, 787, 788, 789, 790, 791, 792, 793, 794], "excluded_lines": [], "start_line": 728}, "AgentLoop.run": {"executed_lines": [], "summary": {"covered_lines": 0, "num_statements": 22, "percent_covered": 0.0, "percent_covered_display": "0", "missing_lines": 22, "excluded_lines": 0, "percent_statements_covered": 0.0, "percent_statements_covered_display": "0"}, "missing_lines": [809, 810, 811, 813, 814, 815, 819, 820, 821, 822, 823, 824, 825, 826, 827, 830, 831, 832, 835, 836, 837, 838], "excluded_lines": [], "start_line": 800}, "AgentLoop._dispatch_command_inline": {"executed_lines": [], "summary": {"covered_lines": 0, "num_statements": 10, "percent_covered": 0.0, "percent_covered_display": "0", "missing_lines": 10, "excluded_lines": 0, "percent_statements_covered": 0.0, "percent_statements_covered_display": "0"}, "missing_lines": [842, 843, 844, 846, 853, 854, 855, 856, 863, 864], "excluded_lines": [], "start_line": 840}, "AgentLoop.stop": {"executed_lines": [872, 873, 874, 875], "summary": {"covered_lines": 4, "num_statements": 4, "percent_covered": 100.0, "percent_covered_display": "100", "missing_lines": 0, "excluded_lines": 0, "percent_statements_covered": 100.0, "percent_statements_covered_display": "100"}, "missing_lines": [], "excluded_lines": [], "start_line": 870}, "AgentLoop.shutdown": {"executed_lines": [887, 890, 893, 894, 911, 912, 916, 917, 918, 919, 920, 921, 922, 925, 928, 930], "summary": {"covered_lines": 16, "num_statements": 28, "percent_covered": 57.142857142857146, "percent_covered_display": "57", "missing_lines": 12, "excluded_lines": 0, "percent_statements_covered": 57.142857142857146, "percent_statements_covered_display": "57"}, "missing_lines": [888, 895, 896, 897, 901, 902, 906, 907, 908, 913, 923, 924], "excluded_lines": [], "start_line": 877}, "AgentLoop._schedule_background": {"executed_lines": [941, 942, 943], "summary": {"covered_lines": 3, "num_statements": 3, "percent_covered": 100.0, "percent_covered_display": "100", "missing_lines": 0, "excluded_lines": 0, "percent_statements_covered": 100.0, "percent_statements_covered_display": "100"}, "missing_lines": [], "excluded_lines": [], "start_line": 936}, "AgentLoop.process_direct": {"executed_lines": [972, 979, 980, 981], "summary": {"covered_lines": 4, "num_statements": 4, "percent_covered": 100.0, "percent_covered_display": "100", "missing_lines": 0, "excluded_lines": 0, "percent_statements_covered": 100.0, "percent_statements_covered_display": "100"}, "missing_lines": [], "excluded_lines": [], "start_line": 951}, "AgentLoop.process_ephemeral": {"executed_lines": [1001, 1002, 1008, 1017, 1026, 1027], "summary": {"covered_lines": 6, "num_statements": 10, "percent_covered": 60.0, "percent_covered_display": "60", "missing_lines": 4, "excluded_lines": 0, "percent_statements_covered": 60.0, "percent_statements_covered_display": "60"}, "missing_lines": [1003, 1004, 1005, 1006], "excluded_lines": [], "start_line": 983}, "AgentLoop.get_stats": {"executed_lines": [1031], "summary": {"covered_lines": 1, "num_statements": 1, "percent_covered": 100.0, "percent_covered_display": "100", "missing_lines": 0, "excluded_lines": 0, "percent_statements_covered": 100.0, "percent_statements_covered_display": "100"}, "missing_lines": [], "excluded_lines": [], "start_line": 1029}, "": {"executed_lines": [15, 17, 18, 19, 20, 21, 22, 23, 24, 25, 27, 29, 30, 31, 32, 33, 34, 36, 39, 40, 41, 44, 47, 48, 49, 50, 51, 52, 55, 56, 59, 60, 61, 62, 63, 66, 74, 92, 102, 103, 104, 105, 108, 109, 111, 217, 223, 231, 248, 255, 267, 358, 390, 452, 528, 567, 619, 653, 676, 704, 728, 800, 840, 870, 877, 936, 951, 983, 1029], "summary": {"covered_lines": 69, "num_statements": 69, "percent_covered": 100.0, "percent_covered_display": "100", "missing_lines": 0, "excluded_lines": 0, "percent_statements_covered": 100.0, "percent_statements_covered_display": "100"}, "missing_lines": [], "excluded_lines": [], "start_line": 1}}, "classes": {"TurnState": {"executed_lines": [], "summary": {"covered_lines": 0, "num_statements": 0, "percent_covered": 100.0, "percent_covered_display": "100", "missing_lines": 0, "excluded_lines": 0, "percent_statements_covered": 100.0, "percent_statements_covered_display": "100"}, "missing_lines": [], "excluded_lines": [], "start_line": 44}, "StateTraceEntry": {"executed_lines": [], "summary": {"covered_lines": 0, "num_statements": 0, "percent_covered": 100.0, "percent_covered_display": "100", "missing_lines": 0, "excluded_lines": 0, "percent_statements_covered": 100.0, "percent_statements_covered_display": "100"}, "missing_lines": [], "excluded_lines": [], "start_line": 56}, "AgentLoop": {"executed_lines": [131, 132, 133, 134, 135, 136, 137, 138, 139, 140, 141, 142, 143, 144, 147, 148, 149, 152, 153, 154, 156, 157, 158, 160, 161, 171, 179, 180, 188, 189, 190, 191, 192, 193, 196, 197, 198, 201, 202, 205, 208, 209, 210, 211, 219, 220, 221, 224, 257, 258, 259, 260, 261, 283, 284, 291, 292, 293, 294, 297, 299, 300, 301, 304, 305, 308, 309, 312, 313, 316, 317, 320, 321, 322, 323, 326, 327, 337, 338, 352, 366, 367, 369, 370, 376, 379, 380, 381, 388, 400, 401, 402, 403, 404, 405, 406, 414, 415, 422, 423, 424, 425, 426, 431, 432, 450, 463, 464, 465, 466, 467, 486, 487, 488, 496, 513, 514, 522, 523, 524, 526, 535, 536, 538, 539, 542, 543, 544, 547, 548, 551, 553, 556, 561, 565, 575, 578, 583, 593, 604, 626, 627, 628, 678, 679, 872, 873, 874, 875, 887, 890, 893, 894, 911, 912, 916, 917, 918, 919, 920, 921, 922, 925, 928, 930, 941, 942, 943, 972, 979, 980, 981, 1001, 1002, 1008, 1017, 1026, 1027, 1031], "summary": {"covered_lines": 179, "num_statements": 377, "percent_covered": 47.48010610079576, "percent_covered_display": "47", "missing_lines": 198, "excluded_lines": 0, "percent_statements_covered": 47.48010610079576, "percent_statements_covered_display": "47"}, "missing_lines": [162, 163, 164, 166, 167, 168, 232, 233, 234, 235, 237, 249, 250, 251, 252, 253, 339, 345, 346, 354, 371, 372, 373, 385, 386, 407, 408, 409, 410, 411, 416, 417, 418, 419, 427, 428, 442, 443, 445, 468, 469, 470, 471, 472, 478, 479, 480, 481, 482, 483, 489, 490, 491, 492, 493, 494, 515, 516, 517, 518, 519, 520, 557, 562, 563, 579, 580, 594, 595, 601, 602, 631, 643, 644, 646, 647, 660, 661, 662, 663, 664, 665, 666, 667, 668, 671, 672, 673, 674, 680, 681, 684, 685, 686, 688, 690, 692, 693, 694, 695, 696, 701, 702, 706, 707, 708, 709, 711, 716, 722, 737, 742, 743, 744, 745, 746, 747, 748, 749, 750, 751, 752, 754, 755, 758, 759, 761, 762, 763, 764, 765, 766, 767, 768, 769, 770, 771, 772, 781, 782, 785, 786, 787, 788, 789, 790, 791, 792, 793, 794, 809, 810, 811, 813, 814, 815, 819, 820, 821, 822, 823, 824, 825, 826, 827, 830, 831, 832, 835, 836, 837, 838, 842, 843, 844, 846, 853, 854, 855, 856, 863, 864, 888, 895, 896, 897, 901, 902, 906, 907, 908, 913, 923, 924, 1003, 1004, 1005, 1006], "excluded_lines": [], "start_line": 74}, "": {"executed_lines": [15, 17, 18, 19, 20, 21, 22, 23, 24, 25, 27, 29, 30, 31, 32, 33, 34, 36, 39, 40, 41, 44, 47, 48, 49, 50, 51, 52, 55, 56, 59, 60, 61, 62, 63, 66, 74, 92, 102, 103, 104, 105, 108, 109, 111, 217, 223, 231, 248, 255, 267, 358, 390, 452, 528, 567, 619, 653, 676, 704, 728, 800, 840, 870, 877, 936, 951, 983, 1029], "summary": {"covered_lines": 69, "num_statements": 73, "percent_covered": 94.52054794520548, "percent_covered_display": "95", "missing_lines": 4, "excluded_lines": 0, "percent_statements_covered": 94.52054794520548, "percent_statements_covered_display": "95"}, "missing_lines": [68, 69, 70, 71], "excluded_lines": [], "start_line": 1}}}, "agent/runner.py": {"executed_lines": [3, 5, 6, 7, 8, 9, 11, 13, 15, 18, 21, 22, 25, 26, 27, 28, 29, 30, 31, 32, 33, 34, 35, 36, 37, 38, 39, 40, 41, 42, 43, 44, 45, 48, 49, 52, 53, 54, 55, 56, 57, 58, 59, 62, 83, 84, 86, 88, 89, 90, 91, 92, 93, 94, 96, 98, 99, 100, 101, 108, 109, 110, 111, 112, 121, 122, 123, 133, 137, 138, 139, 140, 148, 161, 169, 173, 175, 176, 177, 192, 196, 197, 198, 201, 202, 203, 204, 205, 206, 210, 212, 219, 224, 230, 231, 234, 235, 236, 246, 252, 255, 256, 258, 264, 265, 279, 280, 290, 292, 293, 297, 305], "summary": {"covered_lines": 112, "num_statements": 195, "percent_covered": 57.43589743589744, "percent_covered_display": "57", "missing_lines": 83, "excluded_lines": 0, "percent_statements_covered": 57.43589743589744, "percent_statements_covered_display": "57"}, "missing_lines": [102, 103, 104, 105, 124, 149, 150, 151, 162, 163, 164, 165, 166, 170, 188, 189, 207, 208, 220, 243, 244, 247, 248, 249, 250, 259, 260, 261, 262, 298, 299, 300, 301, 302, 303, 318, 319, 320, 321, 322, 324, 325, 327, 328, 329, 330, 331, 332, 333, 334, 335, 338, 339, 342, 343, 344, 345, 349, 350, 351, 352, 353, 354, 355, 356, 359, 360, 363, 364, 365, 366, 367, 369, 371, 372, 373, 374, 375, 376, 379, 385, 386, 388], "excluded_lines": [], "functions": {"AgentRunner.__init__": {"executed_lines": [84], "summary": {"covered_lines": 1, "num_statements": 1, "percent_covered": 100.0, "percent_covered_display": "100", "missing_lines": 0, "excluded_lines": 0, "percent_statements_covered": 100.0, "percent_statements_covered_display": "100"}, "missing_lines": [], "excluded_lines": [], "start_line": 83}, "AgentRunner.run": {"executed_lines": [88, 89, 90, 91, 92, 93, 94, 96, 98, 99, 100, 101, 108, 109, 110, 111, 112, 121, 122, 123, 133, 137, 138, 139, 140, 148, 161, 169, 173, 175, 176, 177, 192, 196, 197, 198, 201, 202, 203, 204, 205, 206, 210, 212, 219, 224, 230, 231, 234, 235, 236, 246, 252, 255, 256, 258, 264, 265, 279, 280], "summary": {"covered_lines": 60, "num_statements": 89, "percent_covered": 67.41573033707866, "percent_covered_display": "67", "missing_lines": 29, "excluded_lines": 0, "percent_statements_covered": 67.41573033707866, "percent_statements_covered_display": "67"}, "missing_lines": [102, 103, 104, 105, 124, 149, 150, 151, 162, 163, 164, 165, 166, 170, 188, 189, 207, 208, 220, 243, 244, 247, 248, 249, 250, 259, 260, 261, 262], "excluded_lines": [], "start_line": 86}, "AgentRunner._execute_tool": {"executed_lines": [292, 293, 297], "summary": {"covered_lines": 3, "num_statements": 9, "percent_covered": 33.333333333333336, "percent_covered_display": "33", "missing_lines": 6, "excluded_lines": 0, "percent_statements_covered": 33.333333333333336, "percent_statements_covered_display": "33"}, "missing_lines": [298, 299, 300, 301, 302, 303], "excluded_lines": [], "start_line": 290}, "AgentRunner._streaming_call": {"executed_lines": [], "summary": {"covered_lines": 0, "num_statements": 48, "percent_covered": 0.0, "percent_covered_display": "0", "missing_lines": 48, "excluded_lines": 0, "percent_statements_covered": 0.0, "percent_statements_covered_display": "0"}, "missing_lines": [318, 319, 320, 321, 322, 324, 325, 327, 328, 329, 330, 331, 332, 333, 334, 335, 338, 339, 342, 343, 344, 345, 349, 350, 351, 352, 353, 354, 355, 356, 359, 360, 363, 364, 365, 366, 367, 369, 371, 372, 373, 374, 375, 376, 379, 385, 386, 388], "excluded_lines": [], "start_line": 305}, "": {"executed_lines": [3, 5, 6, 7, 8, 9, 11, 13, 15, 18, 21, 22, 25, 26, 27, 28, 29, 30, 31, 32, 33, 34, 35, 36, 37, 38, 39, 40, 41, 42, 43, 44, 45, 48, 49, 52, 53, 54, 55, 56, 57, 58, 59, 62, 83, 86, 290, 305], "summary": {"covered_lines": 48, "num_statements": 48, "percent_covered": 100.0, "percent_covered_display": "100", "missing_lines": 0, "excluded_lines": 0, "percent_statements_covered": 100.0, "percent_statements_covered_display": "100"}, "missing_lines": [], "excluded_lines": [], "start_line": 1}}, "classes": {"AgentRunSpec": {"executed_lines": [], "summary": {"covered_lines": 0, "num_statements": 0, "percent_covered": 100.0, "percent_covered_display": "100", "missing_lines": 0, "excluded_lines": 0, "percent_statements_covered": 100.0, "percent_statements_covered_display": "100"}, "missing_lines": [], "excluded_lines": [], "start_line": 22}, "AgentRunResult": {"executed_lines": [], "summary": {"covered_lines": 0, "num_statements": 0, "percent_covered": 100.0, "percent_covered_display": "100", "missing_lines": 0, "excluded_lines": 0, "percent_statements_covered": 100.0, "percent_statements_covered_display": "100"}, "missing_lines": [], "excluded_lines": [], "start_line": 49}, "AgentRunner": {"executed_lines": [84, 88, 89, 90, 91, 92, 93, 94, 96, 98, 99, 100, 101, 108, 109, 110, 111, 112, 121, 122, 123, 133, 137, 138, 139, 140, 148, 161, 169, 173, 175, 176, 177, 192, 196, 197, 198, 201, 202, 203, 204, 205, 206, 210, 212, 219, 224, 230, 231, 234, 235, 236, 246, 252, 255, 256, 258, 264, 265, 279, 280, 292, 293, 297], "summary": {"covered_lines": 64, "num_statements": 147, "percent_covered": 43.53741496598639, "percent_covered_display": "44", "missing_lines": 83, "excluded_lines": 0, "percent_statements_covered": 43.53741496598639, "percent_statements_covered_display": "44"}, "missing_lines": [102, 103, 104, 105, 124, 149, 150, 151, 162, 163, 164, 165, 166, 170, 188, 189, 207, 208, 220, 243, 244, 247, 248, 249, 250, 259, 260, 261, 262, 298, 299, 300, 301, 302, 303, 318, 319, 320, 321, 322, 324, 325, 327, 328, 329, 330, 331, 332, 333, 334, 335, 338, 339, 342, 343, 344, 345, 349, 350, 351, 352, 353, 354, 355, 356, 359, 360, 363, 364, 365, 366, 367, 369, 371, 372, 373, 374, 375, 376, 379, 385, 386, 388], "excluded_lines": [], "start_line": 62}, "": {"executed_lines": [3, 5, 6, 7, 8, 9, 11, 13, 15, 18, 21, 22, 25, 26, 27, 28, 29, 30, 31, 32, 33, 34, 35, 36, 37, 38, 39, 40, 41, 42, 43, 44, 45, 48, 49, 52, 53, 54, 55, 56, 57, 58, 59, 62, 83, 86, 290, 305], "summary": {"covered_lines": 48, "num_statements": 48, "percent_covered": 100.0, "percent_covered_display": "100", "missing_lines": 0, "excluded_lines": 0, "percent_statements_covered": 100.0, "percent_statements_covered_display": "100"}, "missing_lines": [], "excluded_lines": [], "start_line": 1}}}, "agent/subagent.py": {"executed_lines": [3, 5, 6, 7, 8, 9, 10, 12, 14, 16, 19, 20, 23, 24, 25, 26, 27, 28, 29, 32, 33, 36, 37, 38, 39, 40, 43, 53, 60, 61, 62, 63, 64, 65, 67, 68, 69, 71, 77, 78, 79, 80, 81, 82, 83, 84, 95, 104, 106, 108, 109, 110, 111, 112, 122, 123, 125, 127, 128, 129, 130, 131, 132, 134, 136, 137, 141, 144, 145, 147, 149, 151, 153, 163, 168, 177, 178, 180, 188], "summary": {"covered_lines": 79, "num_statements": 93, "percent_covered": 84.94623655913979, "percent_covered_display": "85", "missing_lines": 14, "excluded_lines": 0, "percent_statements_covered": 84.94623655913979, "percent_statements_covered_display": "85"}, "missing_lines": [85, 86, 87, 88, 89, 96, 97, 113, 138, 139, 140, 142, 143, 190], "excluded_lines": [], "functions": {"SubagentManager.__init__": {"executed_lines": [60, 61, 62, 63, 64, 65], "summary": {"covered_lines": 6, "num_statements": 6, "percent_covered": 100.0, "percent_covered_display": "100", "missing_lines": 0, "excluded_lines": 0, "percent_statements_covered": 100.0, "percent_statements_covered_display": "100"}, "missing_lines": [], "excluded_lines": [], "start_line": 53}, "SubagentManager.active_count": {"executed_lines": [69], "summary": {"covered_lines": 1, "num_statements": 1, "percent_covered": 100.0, "percent_covered_display": "100", "missing_lines": 0, "excluded_lines": 0, "percent_statements_covered": 100.0, "percent_statements_covered_display": "100"}, "missing_lines": [], "excluded_lines": [], "start_line": 68}, "SubagentManager.spawn": {"executed_lines": [77, 78, 79, 80, 81, 82, 83, 84, 95, 104], "summary": {"covered_lines": 10, "num_statements": 17, "percent_covered": 58.8235294117647, "percent_covered_display": "59", "missing_lines": 7, "excluded_lines": 0, "percent_statements_covered": 58.8235294117647, "percent_statements_covered_display": "59"}, "missing_lines": [85, 86, 87, 88, 89, 96, 97], "excluded_lines": [], "start_line": 71}, "SubagentManager.spawn_parallel": {"executed_lines": [108, 109, 110, 111, 112, 122, 123], "summary": {"covered_lines": 7, "num_statements": 8, "percent_covered": 87.5, "percent_covered_display": "88", "missing_lines": 1, "excluded_lines": 0, "percent_statements_covered": 87.5, "percent_statements_covered_display": "88"}, "missing_lines": [113], "excluded_lines": [], "start_line": 106}, "SubagentManager.cancel_by_session": {"executed_lines": [127, 128, 129, 130, 131, 132], "summary": {"covered_lines": 6, "num_statements": 6, "percent_covered": 100.0, "percent_covered_display": "100", "missing_lines": 0, "excluded_lines": 0, "percent_statements_covered": 100.0, "percent_statements_covered_display": "100"}, "missing_lines": [], "excluded_lines": [], "start_line": 125}, "SubagentManager.cancel_all": {"executed_lines": [136, 137, 141, 144, 145], "summary": {"covered_lines": 5, "num_statements": 10, "percent_covered": 50.0, "percent_covered_display": "50", "missing_lines": 5, "excluded_lines": 0, "percent_statements_covered": 50.0, "percent_statements_covered_display": "50"}, "missing_lines": [138, 139, 140, 142, 143], "excluded_lines": [], "start_line": 134}, "SubagentManager._run_subagent": {"executed_lines": [149, 151, 153, 163, 168, 177, 178, 180], "summary": {"covered_lines": 8, "num_statements": 8, "percent_covered": 100.0, "percent_covered_display": "100", "missing_lines": 0, "excluded_lines": 0, "percent_statements_covered": 100.0, "percent_statements_covered_display": "100"}, "missing_lines": [], "excluded_lines": [], "start_line": 147}, "SubagentManager.set_provider": {"executed_lines": [], "summary": {"covered_lines": 0, "num_statements": 1, "percent_covered": 0.0, "percent_covered_display": "0", "missing_lines": 1, "excluded_lines": 0, "percent_statements_covered": 0.0, "percent_statements_covered_display": "0"}, "missing_lines": [190], "excluded_lines": [], "start_line": 188}, "": {"executed_lines": [3, 5, 6, 7, 8, 9, 10, 12, 14, 16, 19, 20, 23, 24, 25, 26, 27, 28, 29, 32, 33, 36, 37, 38, 39, 40, 43, 53, 67, 68, 71, 106, 125, 134, 147, 188], "summary": {"covered_lines": 36, "num_statements": 36, "percent_covered": 100.0, "percent_covered_display": "100", "missing_lines": 0, "excluded_lines": 0, "percent_statements_covered": 100.0, "percent_statements_covered_display": "100"}, "missing_lines": [], "excluded_lines": [], "start_line": 1}}, "classes": {"SubagentSpec": {"executed_lines": [], "summary": {"covered_lines": 0, "num_statements": 0, "percent_covered": 100.0, "percent_covered_display": "100", "missing_lines": 0, "excluded_lines": 0, "percent_statements_covered": 100.0, "percent_statements_covered_display": "100"}, "missing_lines": [], "excluded_lines": [], "start_line": 20}, "SubagentResult": {"executed_lines": [], "summary": {"covered_lines": 0, "num_statements": 0, "percent_covered": 100.0, "percent_covered_display": "100", "missing_lines": 0, "excluded_lines": 0, "percent_statements_covered": 100.0, "percent_statements_covered_display": "100"}, "missing_lines": [], "excluded_lines": [], "start_line": 33}, "SubagentManager": {"executed_lines": [60, 61, 62, 63, 64, 65, 69, 77, 78, 79, 80, 81, 82, 83, 84, 95, 104, 108, 109, 110, 111, 112, 122, 123, 127, 128, 129, 130, 131, 132, 136, 137, 141, 144, 145, 149, 151, 153, 163, 168, 177, 178, 180], "summary": {"covered_lines": 43, "num_statements": 57, "percent_covered": 75.43859649122807, "percent_covered_display": "75", "missing_lines": 14, "excluded_lines": 0, "percent_statements_covered": 75.43859649122807, "percent_statements_covered_display": "75"}, "missing_lines": [85, 86, 87, 88, 89, 96, 97, 113, 138, 139, 140, 142, 143, 190], "excluded_lines": [], "start_line": 43}, "": {"executed_lines": [3, 5, 6, 7, 8, 9, 10, 12, 14, 16, 19, 20, 23, 24, 25, 26, 27, 28, 29, 32, 33, 36, 37, 38, 39, 40, 43, 53, 67, 68, 71, 106, 125, 134, 147, 188], "summary": {"covered_lines": 36, "num_statements": 36, "percent_covered": 100.0, "percent_covered_display": "100", "missing_lines": 0, "excluded_lines": 0, "percent_statements_covered": 100.0, "percent_statements_covered_display": "100"}, "missing_lines": [], "excluded_lines": [], "start_line": 1}}}, "auth/__init__.py": {"executed_lines": [3, 5], "summary": {"covered_lines": 2, "num_statements": 2, "percent_covered": 100.0, "percent_covered_display": "100", "missing_lines": 0, "excluded_lines": 0, "percent_statements_covered": 100.0, "percent_statements_covered_display": "100"}, "missing_lines": [], "excluded_lines": [], "functions": {"": {"executed_lines": [3, 5], "summary": {"covered_lines": 2, "num_statements": 2, "percent_covered": 100.0, "percent_covered_display": "100", "missing_lines": 0, "excluded_lines": 0, "percent_statements_covered": 100.0, "percent_statements_covered_display": "100"}, "missing_lines": [], "excluded_lines": [], "start_line": 1}}, "classes": {"": {"executed_lines": [3, 5], "summary": {"covered_lines": 2, "num_statements": 2, "percent_covered": 100.0, "percent_covered_display": "100", "missing_lines": 0, "excluded_lines": 0, "percent_statements_covered": 100.0, "percent_statements_covered_display": "100"}, "missing_lines": [], "excluded_lines": [], "start_line": 1}}}, "auth/callback_server.py": {"executed_lines": [], "summary": {"covered_lines": 0, "num_statements": 81, "percent_covered": 0.0, "percent_covered_display": "0", "missing_lines": 81, "excluded_lines": 0, "percent_statements_covered": 0.0, "percent_statements_covered_display": "0"}, "missing_lines": [3, 5, 6, 7, 8, 10, 12, 15, 24, 25, 26, 27, 28, 29, 30, 31, 33, 35, 36, 37, 38, 39, 41, 43, 44, 45, 46, 47, 49, 51, 52, 53, 54, 56, 57, 58, 60, 61, 63, 64, 65, 66, 68, 69, 70, 71, 73, 74, 75, 76, 77, 78, 79, 80, 81, 86, 88, 90, 91, 92, 93, 94, 100, 102, 103, 105, 108, 113, 115, 116, 118, 119, 121, 122, 124, 125, 127, 128, 129, 131, 132], "excluded_lines": [], "functions": {"OAuthCallbackServer.__init__": {"executed_lines": [], "summary": {"covered_lines": 0, "num_statements": 7, "percent_covered": 0.0, "percent_covered_display": "0", "missing_lines": 7, "excluded_lines": 0, "percent_statements_covered": 0.0, "percent_statements_covered_display": "0"}, "missing_lines": [25, 26, 27, 28, 29, 30, 31], "excluded_lines": [], "start_line": 24}, "OAuthCallbackServer.start": {"executed_lines": [], "summary": {"covered_lines": 0, "num_statements": 5, "percent_covered": 0.0, "percent_covered_display": "0", "missing_lines": 5, "excluded_lines": 0, "percent_statements_covered": 0.0, "percent_statements_covered_display": "0"}, "missing_lines": [35, 36, 37, 38, 39], "excluded_lines": [], "start_line": 33}, "OAuthCallbackServer.stop": {"executed_lines": [], "summary": {"covered_lines": 0, "num_statements": 5, "percent_covered": 0.0, "percent_covered_display": "0", "missing_lines": 5, "excluded_lines": 0, "percent_statements_covered": 0.0, "percent_statements_covered_display": "0"}, "missing_lines": [43, 44, 45, 46, 47], "excluded_lines": [], "start_line": 41}, "OAuthCallbackServer.wait_for_code": {"executed_lines": [], "summary": {"covered_lines": 0, "num_statements": 7, "percent_covered": 0.0, "percent_covered_display": "0", "missing_lines": 7, "excluded_lines": 0, "percent_statements_covered": 0.0, "percent_statements_covered_display": "0"}, "missing_lines": [51, 52, 53, 54, 56, 57, 58], "excluded_lines": [], "start_line": 49}, "OAuthCallbackServer._make_handler": {"executed_lines": [], "summary": {"covered_lines": 0, "num_statements": 6, "percent_covered": 0.0, "percent_covered_display": "0", "missing_lines": 6, "excluded_lines": 0, "percent_statements_covered": 0.0, "percent_statements_covered_display": "0"}, "missing_lines": [61, 63, 64, 90, 102, 105], "excluded_lines": [], "start_line": 60}, "OAuthCallbackServer._make_handler.CallbackHandler.do_GET": {"executed_lines": [], "summary": {"covered_lines": 0, "num_statements": 17, "percent_covered": 0.0, "percent_covered_display": "0", "missing_lines": 17, "excluded_lines": 0, "percent_statements_covered": 0.0, "percent_statements_covered_display": "0"}, "missing_lines": [65, 66, 68, 69, 70, 71, 73, 74, 75, 76, 77, 78, 79, 80, 81, 86, 88], "excluded_lines": [], "start_line": 64}, "OAuthCallbackServer._make_handler.CallbackHandler._send_response": {"executed_lines": [], "summary": {"covered_lines": 0, "num_statements": 5, "percent_covered": 0.0, "percent_covered_display": "0", "missing_lines": 5, "excluded_lines": 0, "percent_statements_covered": 0.0, "percent_statements_covered_display": "0"}, "missing_lines": [91, 92, 93, 94, 100], "excluded_lines": [], "start_line": 90}, "OAuthCallbackServer._make_handler.CallbackHandler.log_message": {"executed_lines": [], "summary": {"covered_lines": 0, "num_statements": 1, "percent_covered": 0.0, "percent_covered_display": "0", "missing_lines": 1, "excluded_lines": 0, "percent_statements_covered": 0.0, "percent_statements_covered_display": "0"}, "missing_lines": [103], "excluded_lines": [], "start_line": 102}, "run_oauth_flow": {"executed_lines": [], "summary": {"covered_lines": 0, "num_statements": 14, "percent_covered": 0.0, "percent_covered_display": "0", "missing_lines": 14, "excluded_lines": 0, "percent_statements_covered": 0.0, "percent_statements_covered_display": "0"}, "missing_lines": [113, 115, 116, 118, 119, 121, 122, 124, 125, 127, 128, 129, 131, 132], "excluded_lines": [], "start_line": 108}, "": {"executed_lines": [], "summary": {"covered_lines": 0, "num_statements": 14, "percent_covered": 0.0, "percent_covered_display": "0", "missing_lines": 14, "excluded_lines": 0, "percent_statements_covered": 0.0, "percent_statements_covered_display": "0"}, "missing_lines": [3, 5, 6, 7, 8, 10, 12, 15, 24, 33, 41, 49, 60, 108], "excluded_lines": [], "start_line": 1}}, "classes": {"OAuthCallbackServer": {"executed_lines": [], "summary": {"covered_lines": 0, "num_statements": 30, "percent_covered": 0.0, "percent_covered_display": "0", "missing_lines": 30, "excluded_lines": 0, "percent_statements_covered": 0.0, "percent_statements_covered_display": "0"}, "missing_lines": [25, 26, 27, 28, 29, 30, 31, 35, 36, 37, 38, 39, 43, 44, 45, 46, 47, 51, 52, 53, 54, 56, 57, 58, 61, 63, 64, 90, 102, 105], "excluded_lines": [], "start_line": 15}, "OAuthCallbackServer._make_handler.CallbackHandler": {"executed_lines": [], "summary": {"covered_lines": 0, "num_statements": 23, "percent_covered": 0.0, "percent_covered_display": "0", "missing_lines": 23, "excluded_lines": 0, "percent_statements_covered": 0.0, "percent_statements_covered_display": "0"}, "missing_lines": [65, 66, 68, 69, 70, 71, 73, 74, 75, 76, 77, 78, 79, 80, 81, 86, 88, 91, 92, 93, 94, 100, 103], "excluded_lines": [], "start_line": 63}, "": {"executed_lines": [], "summary": {"covered_lines": 0, "num_statements": 28, "percent_covered": 0.0, "percent_covered_display": "0", "missing_lines": 28, "excluded_lines": 0, "percent_statements_covered": 0.0, "percent_statements_covered_display": "0"}, "missing_lines": [3, 5, 6, 7, 8, 10, 12, 15, 24, 33, 41, 49, 60, 108, 113, 115, 116, 118, 119, 121, 122, 124, 125, 127, 128, 129, 131, 132], "excluded_lines": [], "start_line": 1}}}, "auth/middleware.py": {"executed_lines": [3, 5, 7, 8, 11, 21, 22, 24, 25, 26, 28, 31], "summary": {"covered_lines": 12, "num_statements": 24, "percent_covered": 50.0, "percent_covered_display": "50", "missing_lines": 12, "excluded_lines": 0, "percent_statements_covered": 50.0, "percent_statements_covered_display": "50"}, "missing_lines": [41, 43, 45, 46, 51, 53, 55, 56, 58, 59, 60, 62], "excluded_lines": [], "functions": {"inject_user_token": {"executed_lines": [21, 22, 24, 25, 26, 28], "summary": {"covered_lines": 6, "num_statements": 6, "percent_covered": 100.0, "percent_covered_display": "100", "missing_lines": 0, "excluded_lines": 0, "percent_statements_covered": 100.0, "percent_statements_covered_display": "100"}, "missing_lines": [], "excluded_lines": [], "start_line": 11}, "check_authorization": {"executed_lines": [], "summary": {"covered_lines": 0, "num_statements": 12, "percent_covered": 0.0, "percent_covered_display": "0", "missing_lines": 12, "excluded_lines": 0, "percent_statements_covered": 0.0, "percent_statements_covered_display": "0"}, "missing_lines": [41, 43, 45, 46, 51, 53, 55, 56, 58, 59, 60, 62], "excluded_lines": [], "start_line": 31}, "": {"executed_lines": [3, 5, 7, 8, 11, 31], "summary": {"covered_lines": 6, "num_statements": 6, "percent_covered": 100.0, "percent_covered_display": "100", "missing_lines": 0, "excluded_lines": 0, "percent_statements_covered": 100.0, "percent_statements_covered_display": "100"}, "missing_lines": [], "excluded_lines": [], "start_line": 1}}, "classes": {"": {"executed_lines": [3, 5, 7, 8, 11, 21, 22, 24, 25, 26, 28, 31], "summary": {"covered_lines": 12, "num_statements": 24, "percent_covered": 50.0, "percent_covered_display": "50", "missing_lines": 12, "excluded_lines": 0, "percent_statements_covered": 50.0, "percent_statements_covered_display": "50"}, "missing_lines": [41, 43, 45, 46, 51, 53, 55, 56, 58, 59, 60, 62], "excluded_lines": [], "start_line": 1}}}, "auth/oauth.py": {"executed_lines": [], "summary": {"covered_lines": 0, "num_statements": 65, "percent_covered": 0.0, "percent_covered_display": "0", "missing_lines": 65, "excluded_lines": 0, "percent_statements_covered": 0.0, "percent_statements_covered_display": "0"}, "missing_lines": [3, 5, 6, 8, 9, 11, 13, 16, 26, 31, 39, 40, 41, 42, 43, 44, 45, 50, 56, 60, 61, 62, 64, 69, 70, 77, 78, 79, 80, 82, 83, 84, 85, 87, 92, 93, 94, 96, 98, 99, 100, 102, 103, 110, 111, 112, 115, 117, 118, 123, 124, 125, 126, 127, 128, 130, 135, 136, 137, 139, 140, 141, 142, 143, 145], "excluded_lines": [], "functions": {"FeishuOAuth.__init__": {"executed_lines": [], "summary": {"covered_lines": 0, "num_statements": 7, "percent_covered": 0.0, "percent_covered_display": "0", "missing_lines": 7, "excluded_lines": 0, "percent_statements_covered": 0.0, "percent_statements_covered_display": "0"}, "missing_lines": [39, 40, 41, 42, 43, 44, 45], "excluded_lines": [], "start_line": 31}, "FeishuOAuth.get_authorization_url": {"executed_lines": [], "summary": {"covered_lines": 0, "num_statements": 4, "percent_covered": 0.0, "percent_covered_display": "0", "missing_lines": 4, "excluded_lines": 0, "percent_statements_covered": 0.0, "percent_statements_covered_display": "0"}, "missing_lines": [56, 60, 61, 62], "excluded_lines": [], "start_line": 50}, "FeishuOAuth.exchange_code_for_token": {"executed_lines": [], "summary": {"covered_lines": 0, "num_statements": 14, "percent_covered": 0.0, "percent_covered_display": "0", "missing_lines": 14, "excluded_lines": 0, "percent_statements_covered": 0.0, "percent_statements_covered_display": "0"}, "missing_lines": [69, 70, 77, 78, 79, 80, 82, 83, 84, 85, 87, 92, 93, 94], "excluded_lines": [], "start_line": 64}, "FeishuOAuth.refresh_access_token": {"executed_lines": [], "summary": {"covered_lines": 0, "num_statements": 17, "percent_covered": 0.0, "percent_covered_display": "0", "missing_lines": 17, "excluded_lines": 0, "percent_statements_covered": 0.0, "percent_statements_covered_display": "0"}, "missing_lines": [98, 99, 100, 102, 103, 110, 111, 112, 115, 117, 118, 123, 124, 125, 126, 127, 128], "excluded_lines": [], "start_line": 96}, "FeishuOAuth.get_or_refresh_token": {"executed_lines": [], "summary": {"covered_lines": 0, "num_statements": 9, "percent_covered": 0.0, "percent_covered_display": "0", "missing_lines": 9, "excluded_lines": 0, "percent_statements_covered": 0.0, "percent_statements_covered_display": "0"}, "missing_lines": [135, 136, 137, 139, 140, 141, 142, 143, 145], "excluded_lines": [], "start_line": 130}, "": {"executed_lines": [], "summary": {"covered_lines": 0, "num_statements": 14, "percent_covered": 0.0, "percent_covered_display": "0", "missing_lines": 14, "excluded_lines": 0, "percent_statements_covered": 0.0, "percent_statements_covered_display": "0"}, "missing_lines": [3, 5, 6, 8, 9, 11, 13, 16, 26, 31, 50, 64, 96, 130], "excluded_lines": [], "start_line": 1}}, "classes": {"FeishuOAuth": {"executed_lines": [], "summary": {"covered_lines": 0, "num_statements": 51, "percent_covered": 0.0, "percent_covered_display": "0", "missing_lines": 51, "excluded_lines": 0, "percent_statements_covered": 0.0, "percent_statements_covered_display": "0"}, "missing_lines": [39, 40, 41, 42, 43, 44, 45, 56, 60, 61, 62, 69, 70, 77, 78, 79, 80, 82, 83, 84, 85, 87, 92, 93, 94, 98, 99, 100, 102, 103, 110, 111, 112, 115, 117, 118, 123, 124, 125, 126, 127, 128, 135, 136, 137, 139, 140, 141, 142, 143, 145], "excluded_lines": [], "start_line": 16}, "": {"executed_lines": [], "summary": {"covered_lines": 0, "num_statements": 14, "percent_covered": 0.0, "percent_covered_display": "0", "missing_lines": 14, "excluded_lines": 0, "percent_statements_covered": 0.0, "percent_statements_covered_display": "0"}, "missing_lines": [3, 5, 6, 8, 9, 11, 13, 16, 26, 31, 50, 64, 96, 130], "excluded_lines": [], "start_line": 1}}}, "auth/token_store.py": {"executed_lines": [3, 5, 6, 7, 8, 9, 10, 11, 12, 14, 16, 19, 20, 21, 22, 23, 25, 26, 29, 32, 33, 34, 35, 36, 39, 40, 42, 43, 44, 49, 51, 52, 54, 55, 56, 57, 59, 60, 62, 63, 64, 65, 67, 68, 75, 76, 77, 81, 82, 84, 85, 86, 89, 90, 91, 92, 93, 94, 103, 104, 105, 106, 108, 109], "summary": {"covered_lines": 64, "num_statements": 67, "percent_covered": 95.5223880597015, "percent_covered_display": "96", "missing_lines": 3, "excluded_lines": 0, "percent_statements_covered": 95.5223880597015, "percent_statements_covered_display": "96"}, "missing_lines": [99, 100, 101], "excluded_lines": [], "functions": {"TokenData.is_expired": {"executed_lines": [26], "summary": {"covered_lines": 1, "num_statements": 1, "percent_covered": 100.0, "percent_covered_display": "100", "missing_lines": 0, "excluded_lines": 0, "percent_statements_covered": 100.0, "percent_statements_covered_display": "100"}, "missing_lines": [], "excluded_lines": [], "start_line": 25}, "TokenStore.__init__": {"executed_lines": [33, 34, 35, 36, 39, 40], "summary": {"covered_lines": 6, "num_statements": 6, "percent_covered": 100.0, "percent_covered_display": "100", "missing_lines": 0, "excluded_lines": 0, "percent_statements_covered": 100.0, "percent_statements_covered_display": "100"}, "missing_lines": [], "excluded_lines": [], "start_line": 32}, "TokenStore._init_db": {"executed_lines": [43, 44, 49], "summary": {"covered_lines": 3, "num_statements": 3, "percent_covered": 100.0, "percent_covered_display": "100", "missing_lines": 0, "excluded_lines": 0, "percent_statements_covered": 100.0, "percent_statements_covered_display": "100"}, "missing_lines": [], "excluded_lines": [], "start_line": 42}, "TokenStore._encrypt": {"executed_lines": [52, 54, 55, 56, 57], "summary": {"covered_lines": 5, "num_statements": 5, "percent_covered": 100.0, "percent_covered_display": "100", "missing_lines": 0, "excluded_lines": 0, "percent_statements_covered": 100.0, "percent_statements_covered_display": "100"}, "missing_lines": [], "excluded_lines": [], "start_line": 51}, "TokenStore._decrypt": {"executed_lines": [60, 62, 63, 64, 65], "summary": {"covered_lines": 5, "num_statements": 5, "percent_covered": 100.0, "percent_covered_display": "100", "missing_lines": 0, "excluded_lines": 0, "percent_statements_covered": 100.0, "percent_statements_covered_display": "100"}, "missing_lines": [], "excluded_lines": [], "start_line": 59}, "TokenStore.save": {"executed_lines": [68, 75, 76, 77, 81, 82], "summary": {"covered_lines": 6, "num_statements": 6, "percent_covered": 100.0, "percent_covered_display": "100", "missing_lines": 0, "excluded_lines": 0, "percent_statements_covered": 100.0, "percent_statements_covered_display": "100"}, "missing_lines": [], "excluded_lines": [], "start_line": 67}, "TokenStore.lookup": {"executed_lines": [85, 86, 89, 90, 91, 92, 93, 94], "summary": {"covered_lines": 8, "num_statements": 11, "percent_covered": 72.72727272727273, "percent_covered_display": "73", "missing_lines": 3, "excluded_lines": 0, "percent_statements_covered": 72.72727272727273, "percent_statements_covered_display": "73"}, "missing_lines": [99, 100, 101], "excluded_lines": [], "start_line": 84}, "TokenStore.delete": {"executed_lines": [104, 105, 106], "summary": {"covered_lines": 3, "num_statements": 3, "percent_covered": 100.0, "percent_covered_display": "100", "missing_lines": 0, "excluded_lines": 0, "percent_statements_covered": 100.0, "percent_statements_covered_display": "100"}, "missing_lines": [], "excluded_lines": [], "start_line": 103}, "TokenStore.is_authorized": {"executed_lines": [109], "summary": {"covered_lines": 1, "num_statements": 1, "percent_covered": 100.0, "percent_covered_display": "100", "missing_lines": 0, "excluded_lines": 0, "percent_statements_covered": 100.0, "percent_statements_covered_display": "100"}, "missing_lines": [], "excluded_lines": [], "start_line": 108}, "": {"executed_lines": [3, 5, 6, 7, 8, 9, 10, 11, 12, 14, 16, 19, 20, 21, 22, 23, 25, 29, 32, 42, 51, 59, 67, 84, 103, 108], "summary": {"covered_lines": 26, "num_statements": 26, "percent_covered": 100.0, "percent_covered_display": "100", "missing_lines": 0, "excluded_lines": 0, "percent_statements_covered": 100.0, "percent_statements_covered_display": "100"}, "missing_lines": [], "excluded_lines": [], "start_line": 1}}, "classes": {"TokenData": {"executed_lines": [26], "summary": {"covered_lines": 1, "num_statements": 1, "percent_covered": 100.0, "percent_covered_display": "100", "missing_lines": 0, "excluded_lines": 0, "percent_statements_covered": 100.0, "percent_statements_covered_display": "100"}, "missing_lines": [], "excluded_lines": [], "start_line": 20}, "TokenStore": {"executed_lines": [33, 34, 35, 36, 39, 40, 43, 44, 49, 52, 54, 55, 56, 57, 60, 62, 63, 64, 65, 68, 75, 76, 77, 81, 82, 85, 86, 89, 90, 91, 92, 93, 94, 104, 105, 106, 109], "summary": {"covered_lines": 37, "num_statements": 40, "percent_covered": 92.5, "percent_covered_display": "92", "missing_lines": 3, "excluded_lines": 0, "percent_statements_covered": 92.5, "percent_statements_covered_display": "92"}, "missing_lines": [99, 100, 101], "excluded_lines": [], "start_line": 29}, "": {"executed_lines": [3, 5, 6, 7, 8, 9, 10, 11, 12, 14, 16, 19, 20, 21, 22, 23, 25, 29, 32, 42, 51, 59, 67, 84, 103, 108], "summary": {"covered_lines": 26, "num_statements": 26, "percent_covered": 100.0, "percent_covered_display": "100", "missing_lines": 0, "excluded_lines": 0, "percent_statements_covered": 100.0, "percent_statements_covered_display": "100"}, "missing_lines": [], "excluded_lines": [], "start_line": 1}}}, "bus/__init__.py": {"executed_lines": [3, 5], "summary": {"covered_lines": 2, "num_statements": 2, "percent_covered": 100.0, "percent_covered_display": "100", "missing_lines": 0, "excluded_lines": 0, "percent_statements_covered": 100.0, "percent_statements_covered_display": "100"}, "missing_lines": [], "excluded_lines": [], "functions": {"": {"executed_lines": [3, 5], "summary": {"covered_lines": 2, "num_statements": 2, "percent_covered": 100.0, "percent_covered_display": "100", "missing_lines": 0, "excluded_lines": 0, "percent_statements_covered": 100.0, "percent_statements_covered_display": "100"}, "missing_lines": [], "excluded_lines": [], "start_line": 1}}, "classes": {"": {"executed_lines": [3, 5], "summary": {"covered_lines": 2, "num_statements": 2, "percent_covered": 100.0, "percent_covered_display": "100", "missing_lines": 0, "excluded_lines": 0, "percent_statements_covered": 100.0, "percent_statements_covered_display": "100"}, "missing_lines": [], "excluded_lines": [], "start_line": 1}}}, "bus/queue.py": {"executed_lines": [3, 5, 6, 7, 9, 11, 14, 15, 18, 19, 20, 21, 22, 23, 24, 26, 27, 28, 31, 32, 35, 36, 37, 38, 41, 44, 45, 46, 47, 49, 51, 52, 53, 54, 55, 62, 63, 65, 73, 76, 77, 79, 80, 83, 84], "summary": {"covered_lines": 45, "num_statements": 55, "percent_covered": 81.81818181818181, "percent_covered_display": "82", "missing_lines": 10, "excluded_lines": 0, "percent_statements_covered": 81.81818181818181, "percent_statements_covered_display": "82"}, "missing_lines": [56, 57, 60, 66, 67, 68, 69, 74, 81, 85], "excluded_lines": [], "functions": {"InboundMessage.session_key": {"executed_lines": [28], "summary": {"covered_lines": 1, "num_statements": 1, "percent_covered": 100.0, "percent_covered_display": "100", "missing_lines": 0, "excluded_lines": 0, "percent_statements_covered": 100.0, "percent_statements_covered_display": "100"}, "missing_lines": [], "excluded_lines": [], "start_line": 27}, "MessageBus.__init__": {"executed_lines": [45, 46, 47], "summary": {"covered_lines": 3, "num_statements": 3, "percent_covered": 100.0, "percent_covered_display": "100", "missing_lines": 0, "excluded_lines": 0, "percent_statements_covered": 100.0, "percent_statements_covered_display": "100"}, "missing_lines": [], "excluded_lines": [], "start_line": 44}, "MessageBus.publish_inbound": {"executed_lines": [51, 52, 53, 54, 55], "summary": {"covered_lines": 5, "num_statements": 8, "percent_covered": 62.5, "percent_covered_display": "62", "missing_lines": 3, "excluded_lines": 0, "percent_statements_covered": 62.5, "percent_statements_covered_display": "62"}, "missing_lines": [56, 57, 60], "excluded_lines": [], "start_line": 49}, "MessageBus.consume_inbound": {"executed_lines": [63], "summary": {"covered_lines": 1, "num_statements": 1, "percent_covered": 100.0, "percent_covered_display": "100", "missing_lines": 0, "excluded_lines": 0, "percent_statements_covered": 100.0, "percent_statements_covered_display": "100"}, "missing_lines": [], "excluded_lines": [], "start_line": 62}, "MessageBus.publish_outbound": {"executed_lines": [], "summary": {"covered_lines": 0, "num_statements": 4, "percent_covered": 0.0, "percent_covered_display": "0", "missing_lines": 4, "excluded_lines": 0, "percent_statements_covered": 0.0, "percent_statements_covered_display": "0"}, "missing_lines": [66, 67, 68, 69], "excluded_lines": [], "start_line": 65}, "MessageBus.consume_outbound": {"executed_lines": [], "summary": {"covered_lines": 0, "num_statements": 1, "percent_covered": 0.0, "percent_covered_display": "0", "missing_lines": 1, "excluded_lines": 0, "percent_statements_covered": 0.0, "percent_statements_covered_display": "0"}, "missing_lines": [74], "excluded_lines": [], "start_line": 73}, "MessageBus.stop_accepting": {"executed_lines": [77], "summary": {"covered_lines": 1, "num_statements": 1, "percent_covered": 100.0, "percent_covered_display": "100", "missing_lines": 0, "excluded_lines": 0, "percent_statements_covered": 100.0, "percent_statements_covered_display": "100"}, "missing_lines": [], "excluded_lines": [], "start_line": 76}, "MessageBus.inbound_size": {"executed_lines": [], "summary": {"covered_lines": 0, "num_statements": 1, "percent_covered": 0.0, "percent_covered_display": "0", "missing_lines": 1, "excluded_lines": 0, "percent_statements_covered": 0.0, "percent_statements_covered_display": "0"}, "missing_lines": [81], "excluded_lines": [], "start_line": 80}, "MessageBus.outbound_size": {"executed_lines": [], "summary": {"covered_lines": 0, "num_statements": 1, "percent_covered": 0.0, "percent_covered_display": "0", "missing_lines": 1, "excluded_lines": 0, "percent_statements_covered": 0.0, "percent_statements_covered_display": "0"}, "missing_lines": [85], "excluded_lines": [], "start_line": 84}, "": {"executed_lines": [3, 5, 6, 7, 9, 11, 14, 15, 18, 19, 20, 21, 22, 23, 24, 26, 27, 31, 32, 35, 36, 37, 38, 41, 44, 49, 62, 65, 73, 76, 79, 80, 83, 84], "summary": {"covered_lines": 34, "num_statements": 34, "percent_covered": 100.0, "percent_covered_display": "100", "missing_lines": 0, "excluded_lines": 0, "percent_statements_covered": 100.0, "percent_statements_covered_display": "100"}, "missing_lines": [], "excluded_lines": [], "start_line": 1}}, "classes": {"InboundMessage": {"executed_lines": [28], "summary": {"covered_lines": 1, "num_statements": 1, "percent_covered": 100.0, "percent_covered_display": "100", "missing_lines": 0, "excluded_lines": 0, "percent_statements_covered": 100.0, "percent_statements_covered_display": "100"}, "missing_lines": [], "excluded_lines": [], "start_line": 15}, "OutboundMessage": {"executed_lines": [], "summary": {"covered_lines": 0, "num_statements": 0, "percent_covered": 100.0, "percent_covered_display": "100", "missing_lines": 0, "excluded_lines": 0, "percent_statements_covered": 100.0, "percent_statements_covered_display": "100"}, "missing_lines": [], "excluded_lines": [], "start_line": 32}, "MessageBus": {"executed_lines": [45, 46, 47, 51, 52, 53, 54, 55, 63, 77], "summary": {"covered_lines": 10, "num_statements": 20, "percent_covered": 50.0, "percent_covered_display": "50", "missing_lines": 10, "excluded_lines": 0, "percent_statements_covered": 50.0, "percent_statements_covered_display": "50"}, "missing_lines": [56, 57, 60, 66, 67, 68, 69, 74, 81, 85], "excluded_lines": [], "start_line": 41}, "": {"executed_lines": [3, 5, 6, 7, 9, 11, 14, 15, 18, 19, 20, 21, 22, 23, 24, 26, 27, 31, 32, 35, 36, 37, 38, 41, 44, 49, 62, 65, 73, 76, 79, 80, 83, 84], "summary": {"covered_lines": 34, "num_statements": 34, "percent_covered": 100.0, "percent_covered_display": "100", "missing_lines": 0, "excluded_lines": 0, "percent_statements_covered": 100.0, "percent_statements_covered_display": "100"}, "missing_lines": [], "excluded_lines": [], "start_line": 1}}}, "cli/__init__.py": {"executed_lines": [], "summary": {"covered_lines": 0, "num_statements": 0, "percent_covered": 100.0, "percent_covered_display": "100", "missing_lines": 0, "excluded_lines": 0, "percent_statements_covered": 100.0, "percent_statements_covered_display": "100"}, "missing_lines": [], "excluded_lines": [], "functions": {"": {"executed_lines": [], "summary": {"covered_lines": 0, "num_statements": 0, "percent_covered": 100.0, "percent_covered_display": "100", "missing_lines": 0, "excluded_lines": 0, "percent_statements_covered": 100.0, "percent_statements_covered_display": "100"}, "missing_lines": [], "excluded_lines": [], "start_line": 1}}, "classes": {"": {"executed_lines": [], "summary": {"covered_lines": 0, "num_statements": 0, "percent_covered": 100.0, "percent_covered_display": "100", "missing_lines": 0, "excluded_lines": 0, "percent_statements_covered": 100.0, "percent_statements_covered_display": "100"}, "missing_lines": [], "excluded_lines": [], "start_line": 1}}}, "cli/chat.py": {"executed_lines": [3, 5, 7, 8, 9, 10, 11, 12, 14, 15, 16, 17, 18, 19, 22, 25, 26, 27, 28, 29, 30, 31, 32, 33, 34, 42], "summary": {"covered_lines": 26, "num_statements": 56, "percent_covered": 46.42857142857143, "percent_covered_display": "46", "missing_lines": 30, "excluded_lines": 0, "percent_statements_covered": 46.42857142857143, "percent_statements_covered_display": "46"}, "missing_lines": [43, 45, 46, 47, 49, 50, 51, 52, 54, 55, 56, 57, 58, 59, 60, 62, 63, 64, 65, 66, 67, 69, 70, 71, 72, 73, 74, 76, 77, 78], "excluded_lines": [], "functions": {"InteractiveChat.__init__": {"executed_lines": [26, 27, 28, 29, 30, 31, 32, 33, 34], "summary": {"covered_lines": 9, "num_statements": 9, "percent_covered": 100.0, "percent_covered_display": "100", "missing_lines": 0, "excluded_lines": 0, "percent_statements_covered": 100.0, "percent_statements_covered_display": "100"}, "missing_lines": [], "excluded_lines": [], "start_line": 25}, "InteractiveChat.run": {"executed_lines": [], "summary": {"covered_lines": 0, "num_statements": 30, "percent_covered": 0.0, "percent_covered_display": "0", "missing_lines": 30, "excluded_lines": 0, "percent_statements_covered": 0.0, "percent_statements_covered_display": "0"}, "missing_lines": [43, 45, 46, 47, 49, 50, 51, 52, 54, 55, 56, 57, 58, 59, 60, 62, 63, 64, 65, 66, 67, 69, 70, 71, 72, 73, 74, 76, 77, 78], "excluded_lines": [], "start_line": 42}, "": {"executed_lines": [3, 5, 7, 8, 9, 10, 11, 12, 14, 15, 16, 17, 18, 19, 22, 25, 42], "summary": {"covered_lines": 17, "num_statements": 17, "percent_covered": 100.0, "percent_covered_display": "100", "missing_lines": 0, "excluded_lines": 0, "percent_statements_covered": 100.0, "percent_statements_covered_display": "100"}, "missing_lines": [], "excluded_lines": [], "start_line": 1}}, "classes": {"InteractiveChat": {"executed_lines": [26, 27, 28, 29, 30, 31, 32, 33, 34], "summary": {"covered_lines": 9, "num_statements": 39, "percent_covered": 23.076923076923077, "percent_covered_display": "23", "missing_lines": 30, "excluded_lines": 0, "percent_statements_covered": 23.076923076923077, "percent_statements_covered_display": "23"}, "missing_lines": [43, 45, 46, 47, 49, 50, 51, 52, 54, 55, 56, 57, 58, 59, 60, 62, 63, 64, 65, 66, 67, 69, 70, 71, 72, 73, 74, 76, 77, 78], "excluded_lines": [], "start_line": 22}, "": {"executed_lines": [3, 5, 7, 8, 9, 10, 11, 12, 14, 15, 16, 17, 18, 19, 22, 25, 42], "summary": {"covered_lines": 17, "num_statements": 17, "percent_covered": 100.0, "percent_covered_display": "100", "missing_lines": 0, "excluded_lines": 0, "percent_statements_covered": 100.0, "percent_statements_covered_display": "100"}, "missing_lines": [], "excluded_lines": [], "start_line": 1}}}, "cli/main.py": {"executed_lines": [3, 5, 6, 8, 9, 11, 12, 20, 21, 24, 25, 27, 28, 31, 32, 54, 55, 59, 60, 61, 62, 63, 64, 65, 66, 67, 68, 70, 71, 72, 73, 74, 155, 156, 158, 159, 160, 161, 163, 164, 165, 166, 167, 168, 169, 170, 194, 195, 199, 201, 202, 207, 208, 209, 212], "summary": {"covered_lines": 55, "num_statements": 114, "percent_covered": 48.24561403508772, "percent_covered_display": "48", "missing_lines": 59, "excluded_lines": 0, "percent_statements_covered": 48.24561403508772, "percent_statements_covered_display": "48"}, "missing_lines": [37, 38, 40, 41, 42, 43, 44, 45, 47, 48, 50, 51, 76, 86, 87, 88, 90, 91, 92, 94, 95, 97, 106, 114, 115, 117, 118, 119, 121, 122, 124, 125, 128, 133, 134, 135, 136, 137, 139, 140, 142, 143, 144, 145, 146, 147, 149, 150, 151, 152, 171, 187, 188, 189, 203, 204, 205, 206, 213], "excluded_lines": [], "functions": {"version": {"executed_lines": [27, 28], "summary": {"covered_lines": 2, "num_statements": 2, "percent_covered": 100.0, "percent_covered_display": "100", "missing_lines": 0, "excluded_lines": 0, "percent_statements_covered": 100.0, "percent_statements_covered_display": "100"}, "missing_lines": [], "excluded_lines": [], "start_line": 25}, "chat": {"executed_lines": [], "summary": {"covered_lines": 0, "num_statements": 12, "percent_covered": 0.0, "percent_covered_display": "0", "missing_lines": 12, "excluded_lines": 0, "percent_statements_covered": 0.0, "percent_statements_covered_display": "0"}, "missing_lines": [37, 38, 40, 41, 42, 43, 44, 45, 47, 48, 50, 51], "excluded_lines": [], "start_line": 32}, "ws": {"executed_lines": [59, 60, 61, 62, 63, 64, 65, 66, 67, 68, 70, 71, 72, 73, 74], "summary": {"covered_lines": 15, "num_statements": 31, "percent_covered": 48.38709677419355, "percent_covered_display": "48", "missing_lines": 16, "excluded_lines": 0, "percent_statements_covered": 48.38709677419355, "percent_statements_covered_display": "48"}, "missing_lines": [76, 86, 87, 88, 90, 91, 92, 94, 95, 97, 106, 114, 149, 150, 151, 152], "excluded_lines": [], "start_line": 55}, "ws.run_all": {"executed_lines": [], "summary": {"covered_lines": 0, "num_statements": 21, "percent_covered": 0.0, "percent_covered_display": "0", "missing_lines": 21, "excluded_lines": 0, "percent_statements_covered": 0.0, "percent_statements_covered_display": "0"}, "missing_lines": [115, 117, 118, 119, 121, 124, 125, 128, 133, 134, 135, 136, 137, 139, 140, 142, 143, 144, 145, 146, 147], "excluded_lines": [], "start_line": 114}, "ws.run_all._signal_handler": {"executed_lines": [], "summary": {"covered_lines": 0, "num_statements": 1, "percent_covered": 0.0, "percent_covered_display": "0", "missing_lines": 1, "excluded_lines": 0, "percent_statements_covered": 0.0, "percent_statements_covered_display": "0"}, "missing_lines": [122], "excluded_lines": [], "start_line": 121}, "init": {"executed_lines": [158, 159, 160, 161, 163, 164, 165, 166, 167, 168, 169, 170], "summary": {"covered_lines": 12, "num_statements": 16, "percent_covered": 75.0, "percent_covered_display": "75", "missing_lines": 4, "excluded_lines": 0, "percent_statements_covered": 75.0, "percent_statements_covered_display": "75"}, "missing_lines": [171, 187, 188, 189], "excluded_lines": [], "start_line": 156}, "validate": {"executed_lines": [199, 201, 202, 207, 208, 209], "summary": {"covered_lines": 6, "num_statements": 10, "percent_covered": 60.0, "percent_covered_display": "60", "missing_lines": 4, "excluded_lines": 0, "percent_statements_covered": 60.0, "percent_statements_covered_display": "60"}, "missing_lines": [203, 204, 205, 206], "excluded_lines": [], "start_line": 195}, "": {"executed_lines": [3, 5, 6, 8, 9, 11, 12, 20, 21, 24, 25, 31, 32, 54, 55, 155, 156, 194, 195, 212], "summary": {"covered_lines": 20, "num_statements": 21, "percent_covered": 95.23809523809524, "percent_covered_display": "95", "missing_lines": 1, "excluded_lines": 0, "percent_statements_covered": 95.23809523809524, "percent_statements_covered_display": "95"}, "missing_lines": [213], "excluded_lines": [], "start_line": 1}}, "classes": {"": {"executed_lines": [3, 5, 6, 8, 9, 11, 12, 20, 21, 24, 25, 27, 28, 31, 32, 54, 55, 59, 60, 61, 62, 63, 64, 65, 66, 67, 68, 70, 71, 72, 73, 74, 155, 156, 158, 159, 160, 161, 163, 164, 165, 166, 167, 168, 169, 170, 194, 195, 199, 201, 202, 207, 208, 209, 212], "summary": {"covered_lines": 55, "num_statements": 114, "percent_covered": 48.24561403508772, "percent_covered_display": "48", "missing_lines": 59, "excluded_lines": 0, "percent_statements_covered": 48.24561403508772, "percent_statements_covered_display": "48"}, "missing_lines": [37, 38, 40, 41, 42, 43, 44, 45, 47, 48, 50, 51, 76, 86, 87, 88, 90, 91, 92, 94, 95, 97, 106, 114, 115, 117, 118, 119, 121, 122, 124, 125, 128, 133, 134, 135, 136, 137, 139, 140, 142, 143, 144, 145, 146, 147, 149, 150, 151, 152, 171, 187, 188, 189, 203, 204, 205, 206, 213], "excluded_lines": [], "start_line": 1}}}, "cli/stream.py": {"executed_lines": [6, 7, 8, 11, 14, 15, 16, 17, 19, 23, 27, 28, 29, 32, 33, 35], "summary": {"covered_lines": 16, "num_statements": 22, "percent_covered": 72.72727272727273, "percent_covered_display": "73", "missing_lines": 6, "excluded_lines": 0, "percent_statements_covered": 72.72727272727273, "percent_statements_covered_display": "73"}, "missing_lines": [20, 21, 24, 25, 30, 34], "excluded_lines": [], "functions": {"StreamRenderer.__init__": {"executed_lines": [15, 16, 17], "summary": {"covered_lines": 3, "num_statements": 3, "percent_covered": 100.0, "percent_covered_display": "100", "missing_lines": 0, "excluded_lines": 0, "percent_statements_covered": 100.0, "percent_statements_covered_display": "100"}, "missing_lines": [], "excluded_lines": [], "start_line": 14}, "StreamRenderer.__enter__": {"executed_lines": [], "summary": {"covered_lines": 0, "num_statements": 2, "percent_covered": 0.0, "percent_covered_display": "0", "missing_lines": 2, "excluded_lines": 0, "percent_statements_covered": 0.0, "percent_statements_covered_display": "0"}, "missing_lines": [20, 21], "excluded_lines": [], "start_line": 19}, "StreamRenderer.__exit__": {"executed_lines": [], "summary": {"covered_lines": 0, "num_statements": 2, "percent_covered": 0.0, "percent_covered_display": "0", "missing_lines": 2, "excluded_lines": 0, "percent_statements_covered": 0.0, "percent_statements_covered_display": "0"}, "missing_lines": [24, 25], "excluded_lines": [], "start_line": 23}, "StreamRenderer.add": {"executed_lines": [28, 29], "summary": {"covered_lines": 2, "num_statements": 3, "percent_covered": 66.66666666666667, "percent_covered_display": "67", "missing_lines": 1, "excluded_lines": 0, "percent_statements_covered": 66.66666666666667, "percent_statements_covered_display": "67"}, "missing_lines": [30], "excluded_lines": [], "start_line": 27}, "StreamRenderer.finalize": {"executed_lines": [33, 35], "summary": {"covered_lines": 2, "num_statements": 3, "percent_covered": 66.66666666666667, "percent_covered_display": "67", "missing_lines": 1, "excluded_lines": 0, "percent_statements_covered": 66.66666666666667, "percent_statements_covered_display": "67"}, "missing_lines": [34], "excluded_lines": [], "start_line": 32}, "": {"executed_lines": [6, 7, 8, 11, 14, 19, 23, 27, 32], "summary": {"covered_lines": 9, "num_statements": 9, "percent_covered": 100.0, "percent_covered_display": "100", "missing_lines": 0, "excluded_lines": 0, "percent_statements_covered": 100.0, "percent_statements_covered_display": "100"}, "missing_lines": [], "excluded_lines": [], "start_line": 1}}, "classes": {"StreamRenderer": {"executed_lines": [15, 16, 17, 28, 29, 33, 35], "summary": {"covered_lines": 7, "num_statements": 13, "percent_covered": 53.84615384615385, "percent_covered_display": "54", "missing_lines": 6, "excluded_lines": 0, "percent_statements_covered": 53.84615384615385, "percent_statements_covered_display": "54"}, "missing_lines": [20, 21, 24, 25, 30, 34], "excluded_lines": [], "start_line": 11}, "": {"executed_lines": [6, 7, 8, 11, 14, 19, 23, 27, 32], "summary": {"covered_lines": 9, "num_statements": 9, "percent_covered": 100.0, "percent_covered_display": "100", "missing_lines": 0, "excluded_lines": 0, "percent_statements_covered": 100.0, "percent_statements_covered_display": "100"}, "missing_lines": [], "excluded_lines": [], "start_line": 1}}}, "config/__init__.py": {"executed_lines": [3, 5], "summary": {"covered_lines": 2, "num_statements": 2, "percent_covered": 100.0, "percent_covered_display": "100", "missing_lines": 0, "excluded_lines": 0, "percent_statements_covered": 100.0, "percent_statements_covered_display": "100"}, "missing_lines": [], "excluded_lines": [], "functions": {"": {"executed_lines": [3, 5], "summary": {"covered_lines": 2, "num_statements": 2, "percent_covered": 100.0, "percent_covered_display": "100", "missing_lines": 0, "excluded_lines": 0, "percent_statements_covered": 100.0, "percent_statements_covered_display": "100"}, "missing_lines": [], "excluded_lines": [], "start_line": 1}}, "classes": {"": {"executed_lines": [3, 5], "summary": {"covered_lines": 2, "num_statements": 2, "percent_covered": 100.0, "percent_covered_display": "100", "missing_lines": 0, "excluded_lines": 0, "percent_statements_covered": 100.0, "percent_statements_covered_display": "100"}, "missing_lines": [], "excluded_lines": [], "start_line": 1}}}, "config/loader.py": {"executed_lines": [3, 5, 6, 7, 8, 10, 12, 14, 17, 19, 21, 22, 23, 24, 25, 26, 27, 28, 29, 30, 33, 34, 35, 41, 50, 51, 70, 71], "summary": {"covered_lines": 28, "num_statements": 44, "percent_covered": 63.63636363636363, "percent_covered_display": "64", "missing_lines": 16, "excluded_lines": 0, "percent_statements_covered": 63.63636363636363, "percent_statements_covered_display": "64"}, "missing_lines": [31, 36, 37, 38, 52, 53, 55, 59, 60, 61, 62, 64, 73, 74, 76, 77], "excluded_lines": [], "functions": {"_resolve_env_vars": {"executed_lines": [19, 21, 33, 34, 35], "summary": {"covered_lines": 5, "num_statements": 8, "percent_covered": 62.5, "percent_covered_display": "62", "missing_lines": 3, "excluded_lines": 0, "percent_statements_covered": 62.5, "percent_statements_covered_display": "62"}, "missing_lines": [36, 37, 38], "excluded_lines": [], "start_line": 17}, "_resolve_env_vars._replace": {"executed_lines": [22, 23, 24, 25, 26, 27, 28, 29, 30], "summary": {"covered_lines": 9, "num_statements": 10, "percent_covered": 90.0, "percent_covered_display": "90", "missing_lines": 1, "excluded_lines": 0, "percent_statements_covered": 90.0, "percent_statements_covered_display": "90"}, "missing_lines": [31], "excluded_lines": [], "start_line": 21}, "load_config": {"executed_lines": [50, 51, 70, 71], "summary": {"covered_lines": 4, "num_statements": 16, "percent_covered": 25.0, "percent_covered_display": "25", "missing_lines": 12, "excluded_lines": 0, "percent_statements_covered": 25.0, "percent_statements_covered_display": "25"}, "missing_lines": [52, 53, 55, 59, 60, 61, 62, 64, 73, 74, 76, 77], "excluded_lines": [], "start_line": 41}, "": {"executed_lines": [3, 5, 6, 7, 8, 10, 12, 14, 17, 41], "summary": {"covered_lines": 10, "num_statements": 10, "percent_covered": 100.0, "percent_covered_display": "100", "missing_lines": 0
[...]
"start_line": 1}}, "classes": {"Permission": {"executed_lines": [], "summary": {"covered_lines": 0, "num_statements": 0, "percent_covered": 100.0, "percent_covered_display": "100", "missing_lines": 0, "excluded_lines": 0, "percent_statements_covered": 100.0, "percent_statements_covered_display": "100"}, "missing_lines": [], "excluded_lines": [], "start_line": 9}, "PermissionSet": {"executed_lines": [30, 31, 34, 37, 41, 45], "summary": {"covered_lines": 6, "num_statements": 6, "percent_covered": 100.0, "percent_covered_display": "100", "missing_lines": 0, "excluded_lines": 0, "percent_statements_covered": 100.0, "percent_statements_covered_display": "100"}, "missing_lines": [], "excluded_lines": [], "start_line": 24}, "": {"executed_lines": [3, 5, 6, 9, 12, 13, 14, 15, 16, 17, 18, 19, 20, 23, 24, 27, 29, 33, 36, 39, 40, 43, 44, 49], "summary": {"covered_lines": 24, "num_statements": 24, "percent_covered": 100.0, "percent_covered_display": "100", "missing_lines": 0, "excluded_lines": 0, "percent_statements_covered": 100.0, "percent_statements_covered_display": "100"}, "missing_lines": [], "excluded_lines": [], "start_line": 1}}}, "tools/registry.py": {"executed_lines": [3, 5, 7, 9, 10, 12, 15, 18, 19, 21, 22, 23, 25, 26, 27, 28, 29, 31, 33, 34, 35, 36, 37, 39, 40, 42, 44, 45, 46, 47, 48, 50, 51, 53, 56, 57, 58, 61, 62, 69, 71, 72, 73], "summary": {"covered_lines": 43, "num_statements": 48, "percent_covered": 89.58333333333333, "percent_covered_display": "90", "missing_lines": 5, "excluded_lines": 0, "percent_statements_covered": 89.58333333333333, "percent_statements_covered_display": "90"}, "missing_lines": [49, 70, 74, 75, 76], "excluded_lines": [], "functions": {"ToolRegistry.__init__": {"executed_lines": [19], "summary": {"covered_lines": 1, "num_statements": 1, "percent_covered": 100.0, "percent_covered_display": "100", "missing_lines": 0, "excluded_lines": 0, "percent_statements_covered": 100.0, "percent_statements_covered_display": "100"}, "missing_lines": [], "excluded_lines": [], "start_line": 18}, "ToolRegistry.tool_names": {"executed_lines": [23], "summary": {"covered_lines": 1, "num_statements": 1, "percent_covered": 100.0, "percent_covered_display": "100", "missing_lines": 0, "excluded_lines": 0, "percent_statements_covered": 100.0, "percent_statements_covered_display": "100"}, "missing_lines": [], "excluded_lines": [], "start_line": 22}, "ToolRegistry.register": {"executed_lines": [26, 27, 28, 29], "summary": {"covered_lines": 4, "num_statements": 4, "percent_covered": 100.0, "percent_covered_display": "100", "missing_lines": 0, "excluded_lines": 0, "percent_statements_covered": 100.0, "percent_statements_covered_display": "100"}, "missing_lines": [], "excluded_lines": [], "start_line": 25}, "ToolRegistry.unregister": {"executed_lines": [33, 34, 35, 36, 37], "summary": {"covered_lines": 5, "num_statements": 5, "percent_covered": 100.0, "percent_covered_display": "100", "missing_lines": 0, "excluded_lines": 0, "percent_statements_covered": 100.0, "percent_statements_covered_display": "100"}, "missing_lines": [], "excluded_lines": [], "start_line": 31}, "ToolRegistry.get": {"executed_lines": [40], "summary": {"covered_lines": 1, "num_statements": 1, "percent_covered": 100.0, "percent_covered_display": "100", "missing_lines": 0, "excluded_lines": 0, "percent_statements_covered": 100.0, "percent_statements_covered_display": "100"}, "missing_lines": [], "excluded_lines": [], "start_line": 39}, "ToolRegistry.get_definitions": {"executed_lines": [44, 45, 46, 47, 48, 50, 51], "summary": {"covered_lines": 7, "num_statements": 8, "percent_covered": 87.5, "percent_covered_display": "88", "missing_lines": 1, "excluded_lines": 0, "percent_statements_covered": 87.5, "percent_statements_covered_display": "88"}, "missing_lines": [49], "excluded_lines": [], "start_line": 42}, "ToolRegistry.execute": {"executed_lines": [56, 57, 58, 61, 62, 69, 71, 72, 73], "summary": {"covered_lines": 9, "num_statements": 13, "percent_covered": 69.23076923076923, "percent_covered_display": "69", "missing_lines": 4, "excluded_lines": 0, "percent_statements_covered": 69.23076923076923, "percent_statements_covered_display": "69"}, "missing_lines": [70, 74, 75, 76], "excluded_lines": [], "start_line": 53}, "": {"executed_lines": [3, 5, 7, 9, 10, 12, 15, 18, 21, 22, 25, 31, 39, 42, 53], "summary": {"covered_lines": 15, "num_statements": 15, "percent_covered": 100.0, "percent_covered_display": "100", "missing_lines": 0, "excluded_lines": 0, "percent_statements_covered": 100.0, "percent_statements_covered_display": "100"}, "missing_lines": [], "excluded_lines": [], "start_line": 1}}, "classes": {"ToolRegistry": {"executed_lines": [19, 23, 26, 27, 28, 29, 33, 34, 35, 36, 37, 40, 44, 45, 46, 47, 48, 50, 51, 56, 57, 58, 61, 62, 69, 71, 72, 73], "summary": {"covered_lines": 28, "num_statements": 33, "percent_covered": 84.84848484848484, "percent_covered_display": "85", "missing_lines": 5, "excluded_lines": 0, "percent_statements_covered": 84.84848484848484, "percent_statements_covered_display": "85"}, "missing_lines": [49, 70, 74, 75, 76], "excluded_lines": [], "start_line": 15}, "": {"executed_lines": [3, 5, 7, 9, 10, 12, 15, 18, 21, 22, 25, 31, 39, 42, 53], "summary": {"covered_lines": 15, "num_statements": 15, "percent_covered": 100.0, "percent_covered_display": "100", "missing_lines": 0, "excluded_lines": 0, "percent_statements_covered": 100.0, "percent_statements_covered_display": "100"}, "missing_lines": [], "excluded_lines": [], "start_line": 1}}}, "tools/schema.py": {"executed_lines": [7, 9, 13, 27, 31, 32, 34, 35, 36, 38, 48, 50, 51, 52, 53, 55, 56, 57, 59, 60, 61, 62, 63, 65, 66, 67, 70], "summary": {"covered_lines": 27, "num_statements": 29, "percent_covered": 93.10344827586206, "percent_covered_display": "93", "missing_lines": 2, "excluded_lines": 0, "percent_statements_covered": 93.10344827586206, "percent_statements_covered_display": "93"}, "missing_lines": [64, 68], "excluded_lines": [], "functions": {"generate_tool_schema": {"executed_lines": [27, 31, 32, 34, 35, 36, 38], "summary": {"covered_lines": 7, "num_statements": 7, "percent_covered": 100.0, "percent_covered_display": "100", "missing_lines": 0, "excluded_lines": 0, "percent_statements_covered": 100.0, "percent_statements_covered_display": "100"}, "missing_lines": [], "excluded_lines": [], "start_line": 13}, "validate_tool_args": {"executed_lines": [50, 51, 52, 53, 55, 56, 57, 59, 60, 61, 62, 63, 65, 66, 67, 70], "summary": {"covered_lines": 16, "num_statements": 18, "percent_covered": 88.88888888888889, "percent_covered_display": "89", "missing_lines": 2, "excluded_lines": 0, "percent_statements_covered": 88.88888888888889, "percent_statements_covered_display": "89"}, "missing_lines": [64, 68], "excluded_lines": [], "start_line": 48}, "": {"executed_lines": [7, 9, 13, 48], "summary": {"covered_lines": 4, "num_statements": 4, "percent_covered": 100.0, "percent_covered_display": "100", "missing_lines": 0, "excluded_lines": 0, "percent_statements_covered": 100.0, "percent_statements_covered_display": "100"}, "missing_lines": [], "excluded_lines": [], "start_line": 1}}, "classes": {"": {"executed_lines": [7, 9, 13, 27, 31, 32, 34, 35, 36, 38, 48, 50, 51, 52, 53, 55, 56, 57, 59, 60, 61, 62, 63, 65, 66, 67, 70], "summary": {"covered_lines": 27, "num_statements": 29, "percent_covered": 93.10344827586206, "percent_covered_display": "93", "missing_lines": 2, "excluded_lines": 0, "percent_statements_covered": 93.10344827586206, "percent_statements_covered_display": "93"}, "missing_lines": [64, 68], "excluded_lines": [], "start_line": 1}}}, "utils/__init__.py": {"executed_lines": [3, 6, 11], "summary": {"covered_lines": 3, "num_statements": 4, "percent_covered": 75.0, "percent_covered_display": "75", "missing_lines": 1, "excluded_lines": 0, "percent_statements_covered": 75.0, "percent_statements_covered_display": "75"}, "missing_lines": [16], "excluded_lines": [], "functions": {"extract_chat_id": {"executed_lines": [], "summary": {"covered_lines": 0, "num_statements": 1, "percent_covered": 0.0, "percent_covered_display": "0", "missing_lines": 1, "excluded_lines": 0, "percent_statements_covered": 0.0, "percent_statements_covered_display": "0"}, "missing_lines": [16], "excluded_lines": [], "start_line": 11}, "": {"executed_lines": [3, 6, 11], "summary": {"covered_lines": 3, "num_statements": 3, "percent_covered": 100.0, "percent_covered_display": "100", "missing_lines": 0, "excluded_lines": 0, "percent_statements_covered": 100.0, "percent_statements_covered_display": "100"}, "missing_lines": [], "excluded_lines": [], "start_line": 1}}, "classes": {"": {"executed_lines": [3, 6, 11], "summary": {"covered_lines": 3, "num_statements": 4, "percent_covered": 75.0, "percent_covered_display": "75", "missing_lines": 1, "excluded_lines": 0, "percent_statements_covered": 75.0, "percent_statements_covered_display": "75"}, "missing_lines": [16], "excluded_lines": [], "start_line": 1}}}, "utils/helpers.py": {"executed_lines": [], "summary": {"covered_lines": 0, "num_statements": 7, "percent_covered": 0.0, "percent_covered_display": "0", "missing_lines": 7, "excluded_lines": 0, "percent_statements_covered": 0.0, "percent_statements_covered_display": "0"}, "missing_lines": [3, 5, 8, 10, 11, 12, 13], "excluded_lines": [], "functions": {"safe_filename": {"executed_lines": [], "summary": {"covered_lines": 0, "num_statements": 4, "percent_covered": 0.0, "percent_covered_display": "0", "missing_lines": 4, "excluded_lines": 0, "percent_statements_covered": 0.0, "percent_statements_covered_display": "0"}, "missing_lines": [10, 11, 12, 13], "excluded_lines": [], "start_line": 8}, "": {"executed_lines": [], "summary": {"covered_lines": 0, "num_statements": 3, "percent_covered": 0.0, "percent_covered_display": "0", "missing_lines": 3, "excluded_lines": 0, "percent_statements_covered": 0.0, "percent_statements_covered_display": "0"}, "missing_lines": [3, 5, 8], "excluded_lines": [], "start_line": 1}}, "classes": {"": {"executed_lines": [], "summary": {"covered_lines": 0, "num_statements": 7, "percent_covered": 0.0, "percent_covered_display": "0", "missing_lines": 7, "excluded_lines": 0, "percent_statements_covered": 0.0, "percent_statements_covered_display": "0"}, "missing_lines": [3, 5, 8, 10, 11, 12, 13], "excluded_lines": [], "start_line": 1}}}, "utils/media.py": {"executed_lines": [], "summary": {"covered_lines": 0, "num_statements": 16, "percent_covered": 0.0, "percent_covered_display": "0", "missing_lines": 16, "excluded_lines": 0, "percent_statements_covered": 0.0, "percent_statements_covered_display": "0"}, "missing_lines": [3, 5, 6, 9, 11, 12, 13, 14, 15, 16, 17, 18, 19, 22, 24, 25], "excluded_lines": [], "functions": {"detect_image_mime": {"executed_lines": [], "summary": {"covered_lines": 0, "num_statements": 9, "percent_covered": 0.0, "percent_covered_display": "0", "missing_lines": 9, "excluded_lines": 0, "percent_statements_covered": 0.0, "percent_statements_covered_display": "0"}, "missing_lines": [11, 12, 13, 14, 15, 16, 17, 18, 19], "excluded_lines": [], "start_line": 9}, "guess_mime_type": {"executed_lines": [], "summary": {"covered_lines": 0, "num_statements": 2, "percent_covered": 0.0, "percent_covered_display": "0", "missing_lines": 2, "excluded_lines": 0, "percent_statements_covered": 0.0, "percent_statements_covered_display": "0"}, "missing_lines": [24, 25], "excluded_lines": [], "start_line": 22}, "": {"executed_lines": [], "summary": {"covered_lines": 0, "num_statements": 5, "percent_covered": 0.0, "percent_covered_display": "0", "missing_lines": 5, "excluded_lines": 0, "percent_statements_covered": 0.0, "percent_statements_covered_display": "0"}, "missing_lines": [3, 5, 6, 9, 22], "excluded_lines": [], "start_line": 1}}, "classes": {"": {"executed_lines": [], "summary": {"covered_lines": 0, "num_statements": 16, "percent_covered": 0.0, "percent_covered_display": "0", "missing_lines": 16, "excluded_lines": 0, "percent_statements_covered": 0.0, "percent_statements_covered_display": "0"}, "missing_lines": [3, 5, 6, 9, 11, 12, 13, 14, 15, 16, 17, 18, 19, 22, 24, 25], "excluded_lines": [], "start_line": 1}}}, "utils/template.py": {"executed_lines": [], "summary": {"covered_lines": 0, "num_statements": 6, "percent_covered": 0.0, "percent_covered_display": "0", "missing_lines": 6, "excluded_lines": 0, "percent_statements_covered": 0.0, "percent_statements_covered_display": "0"}, "missing_lines": [3, 5, 7, 10, 12, 13], "excluded_lines": [], "functions": {"render_template": {"executed_lines": [], "summary": {"covered_lines": 0, "num_statements": 2, "percent_covered": 0.0, "percent_covered_display": "0", "missing_lines": 2, "excluded_lines": 0, "percent_statements_covered": 0.0, "percent_statements_covered_display": "0"}, "missing_lines": [12, 13], "excluded_lines": [], "start_line": 10}, "": {"executed_lines": [], "summary": {"covered_lines": 0, "num_statements": 4, "percent_covered": 0.0, "percent_covered_display": "0", "missing_lines": 4, "excluded_lines": 0, "percent_statements_covered": 0.0, "percent_statements_covered_display": "0"}, "missing_lines": [3, 5, 7, 10], "excluded_lines": [], "start_line": 1}}, "classes": {"": {"executed_lines": [], "summary": {"covered_lines": 0, "num_statements": 6, "percent_covered": 0.0, "percent_covered_display": "0", "missing_lines": 6, "excluded_lines": 0, "percent_statements_covered": 0.0, "percent_statements_covered_display": "0"}, "missing_lines": [3, 5, 7, 10, 12, 13], "excluded_lines": [], "start_line": 1}}}, "utils/text.py": {"executed_lines": [3, 5, 8, 17, 19, 20, 21, 23, 28], "summary": {"covered_lines": 9, "num_statements": 17, "percent_covered": 52.94117647058823, "percent_covered_display": "53", "missing_lines": 8, "excluded_lines": 0, "percent_statements_covered": 52.94117647058823, "percent_statements_covered_display": "53"}, "missing_lines": [10, 11, 12, 13, 14, 24, 25, 27], "excluded_lines": [], "functions": {"truncate_text": {"executed_lines": [], "summary": {"covered_lines": 0, "num_statements": 5, "percent_covered": 0.0, "percent_covered_display": "0", "missing_lines": 5, "excluded_lines": 0, "percent_statements_covered": 0.0, "percent_statements_covered_display": "0"}, "missing_lines": [10, 11, 12, 13, 14], "excluded_lines": [], "start_line": 8}, "current_time_str": {"executed_lines": [19, 20, 21, 23, 28], "summary": {"covered_lines": 5, "num_statements": 8, "percent_covered": 62.5, "percent_covered_display": "62", "missing_lines": 3, "excluded_lines": 0, "percent_statements_covered": 62.5, "percent_statements_covered_display": "62"}, "missing_lines": [24, 25, 27], "excluded_lines": [], "start_line": 17}, "": {"executed_lines": [3, 5, 8, 17], "summary": {"covered_lines": 4, "num_statements": 4, "percent_covered": 100.0, "percent_covered_display": "100", "missing_lines": 0, "excluded_lines": 0, "percent_statements_covered": 100.0, "percent_statements_covered_display": "100"}, "missing_lines": [], "excluded_lines": [], "start_line": 1}}, "classes": {"": {"executed_lines": [3, 5, 8, 17, 19, 20, 21, 23, 28], "summary": {"covered_lines": 9, "num_statements": 17, "percent_covered": 52.94117647058823, "percent_covered_display": "53", "missing_lines": 8, "excluded_lines": 0, "percent_statements_covered": 52.94117647058823, "percent_statements_covered_display": "53"}, "missing_lines": [10, 11, 12, 13, 14, 24, 25, 27], "excluded_lines": [], "start_line": 1}}}, "utils/tokens.py": {"executed_lines": [8, 10, 13, 16, 19, 20, 21, 22, 23, 25, 26, 27, 31, 37, 39, 40, 41, 42, 43, 48, 49, 52, 54, 57, 59, 62, 64, 65, 66, 69, 72, 73, 74], "summary": {"covered_lines": 33, "num_statements": 42, "percent_covered": 78.57142857142857, "percent_covered_display": "79", "missing_lines": 9, "excluded_lines": 0, "percent_statements_covered": 78.57142857142857, "percent_statements_covered_display": "79"}, "missing_lines": [28, 29, 33, 34, 35, 44, 45, 46, 47], "excluded_lines": [], "functions": {"TokenCounter.__init__": {"executed_lines": [20, 21, 22, 23, 25, 26, 27], "summary": {"covered_lines": 7, "num_statements": 9, "percent_covered": 77.77777777777777, "percent_covered_display": "78", "missing_lines": 2, "excluded_lines": 0, "percent_statements_covered": 77.77777777777777, "percent_statements_covered_display": "78"}, "missing_lines": [28, 29], "excluded_lines": [], "start_line": 19}, "TokenCounter.count": {"executed_lines": [], "summary": {"covered_lines": 0, "num_statements": 3, "percent_covered": 0.0, "percent_covered_display": "0", "missing_lines": 3, "excluded_lines": 0, "percent_statements_covered": 0.0, "percent_statements_covered_display": "0"}, "missing_lines": [33, 34, 35], "excluded_lines": [], "start_line": 31}, "TokenCounter.count_messages": {"executed_lines": [39, 40, 41, 42, 43, 48, 49], "summary": {"covered_lines": 7, "num_statements": 11, "percent_covered": 63.63636363636363, "percent_covered_display": "64", "missing_lines": 4, "excluded_lines": 0, "percent_statements_covered": 63.63636363636363, "percent_statements_covered_display": "64"}, "missing_lines": [44, 45, 46, 47], "excluded_lines": [], "start_line": 37}, "estimate_tokens": {"executed_lines": [54], "summary": {"covered_lines": 1, "num_statements": 1, "percent_covered": 100.0, "percent_covered_display": "100", "missing_lines": 0, "excluded_lines": 0, "percent_statements_covered": 100.0, "percent_statements_covered_display": "100"}, "missing_lines": [], "excluded_lines": [], "start_line": 52}, "estimate_message_tokens": {"executed_lines": [59], "summary": {"covered_lines": 1, "num_statements": 1, "percent_covered": 100.0, "percent_covered_display": "100", "missing_lines": 0, "excluded_lines": 0, "percent_statements_covered": 100.0, "percent_statements_covered_display": "100"}, "missing_lines": [], "excluded_lines": [], "start_line": 57}, "_estimate": {"executed_lines": [64, 65, 66], "summary": {"covered_lines": 3, "num_statements": 3, "percent_covered": 100.0, "percent_covered_display": "100", "missing_lines": 0, "excluded_lines": 0, "percent_statements_covered": 100.0, "percent_statements_covered_display": "100"}, "missing_lines": [], "excluded_lines": [], "start_line": 62}, "_get_counter": {"executed_lines": [72, 73, 74], "summary": {"covered_lines": 3, "num_statements": 3, "percent_covered": 100.0, "percent_covered_display": "100", "missing_lines": 0, "excluded_lines": 0, "percent_statements_covered": 100.0, "percent_statements_covered_display": "100"}, "missing_lines": [], "excluded_lines": [], "start_line": 69}, "": {"executed_lines": [8, 10, 13, 16, 19, 31, 37, 52, 57, 62, 69], "summary": {"covered_lines": 11, "num_statements": 11, "percent_covered": 100.0, "percent_covered_display": "100", "missing_lines": 0, "excluded_lines": 0, "percent_statements_covered": 100.0, "percent_statements_covered_display": "100"}, "missing_lines": [], "excluded_lines": [], "start_line": 1}}, "classes": {"TokenCounter": {"executed_lines": [20, 21, 22, 23, 25, 26, 27, 39, 40, 41, 42, 43, 48, 49], "summary": {"covered_lines": 14, "num_statements": 23, "percent_covered": 60.869565217391305, "percent_covered_display": "61", "missing_lines": 9, "excluded_lines": 0, "percent_statements_covered": 60.869565217391305, "percent_statements_covered_display": "61"}, "missing_lines": [28, 29, 33, 34, 35, 44, 45, 46, 47], "excluded_lines": [], "start_line": 16}, "": {"executed_lines": [8, 10, 13, 16, 19, 31, 37, 52, 54, 57, 59, 62, 64, 65, 66, 69, 72, 73, 74], "summary": {"covered_lines": 19, "num_statements": 19, "percent_covered": 100.0, "percent_covered_display": "100", "missing_lines": 0, "excluded_lines": 0, "percent_statements_covered": 100.0, "percent_statements_covered_display": "100"}, "missing_lines": [], "excluded_lines": [], "start_line": 1}}}}, "totals": {"covered_lines": 5040, "num_statements": 7181, "percent_covered": 70.18521097340204, "percent_covered_display": "70", "missing_lines": 2141, "excluded_lines": 20, "percent_statements_covered": 70.18521097340204, "percent_statements_covered_display": "70"}}